CRITICAL - 2022-07-14 14:00:02 --> Too few arguments to function App\Models\Modeldatafilm::__construct(), 0 passed in C:\xampp\htdocs\UAS\app\Controllers\Film.php on line 11 and exactly 1 expected
#0 C:\xampp\htdocs\UAS\app\Controllers\Film.php(11): App\Models\Modeldatafilm->__construct()
#1 C:\xampp\htdocs\UAS\system\CodeIgniter.php(809): App\Controllers\Film->__construct()
#2 C:\xampp\htdocs\UAS\system\CodeIgniter.php(410): CodeIgniter\CodeIgniter->createController()
#3 C:\xampp\htdocs\UAS\system\CodeIgniter.php(326): CodeIgniter\CodeIgniter->handleRequest(NULL, Object(Config\Cache), false)
#4 C:\xampp\htdocs\UAS\public\index.php(37): CodeIgniter\CodeIgniter->run()
#5 C:\xampp\htdocs\UAS\system\Commands\Server\rewrite.php(43): require_once('C:\\xampp\\htdocs...')
#6 {main}
CRITICAL - 2022-07-14 14:01:11 --> Too few arguments to function App\Models\Modeldatafilm::__construct(), 0 passed in C:\xampp\htdocs\UAS\app\Controllers\Film.php on line 11 and exactly 1 expected
#0 C:\xampp\htdocs\UAS\app\Controllers\Film.php(11): App\Models\Modeldatafilm->__construct()
#1 C:\xampp\htdocs\UAS\system\CodeIgniter.php(809): App\Controllers\Film->__construct()
#2 C:\xampp\htdocs\UAS\system\CodeIgniter.php(410): CodeIgniter\CodeIgniter->createController()
#3 C:\xampp\htdocs\UAS\system\CodeIgniter.php(326): CodeIgniter\CodeIgniter->handleRequest(NULL, Object(Config\Cache), false)
#4 C:\xampp\htdocs\UAS\public\index.php(37): CodeIgniter\CodeIgniter->run()
#5 C:\xampp\htdocs\UAS\system\Commands\Server\rewrite.php(43): require_once('C:\\xampp\\htdocs...')
#6 {main}
ERROR - 2022-07-14 14:01:47 --> Error connecting to the database: Unknown database 'dbfilm'
CRITICAL - 2022-07-14 14:01:47 --> Unable to connect to the database.
Main connection [MySQLi]: Unknown database 'dbfilm'
#0 C:\xampp\htdocs\UAS\system\Database\BaseConnection.php(577): CodeIgniter\Database\BaseConnection->initialize()
#1 C:\xampp\htdocs\UAS\system\Database\BaseBuilder.php(1455): CodeIgniter\Database\BaseConnection->query('SELECT *\nFROM `...', Array, false)
#2 C:\xampp\htdocs\UAS\system\Model.php(183): CodeIgniter\Database\BaseBuilder->get()
#3 C:\xampp\htdocs\UAS\system\BaseModel.php(584): CodeIgniter\Model->doFindAll(0, 0)
#4 C:\xampp\htdocs\UAS\app\Controllers\Film.php(16): CodeIgniter\BaseModel->findAll()
#5 C:\xampp\htdocs\UAS\system\CodeIgniter.php(832): App\Controllers\Film->read()
#6 C:\xampp\htdocs\UAS\system\CodeIgniter.php(419): CodeIgniter\CodeIgniter->runController(Object(App\Controllers\Film))
#7 C:\xampp\htdocs\UAS\system\CodeIgniter.php(326): CodeIgniter\CodeIgniter->handleRequest(NULL, Object(Config\Cache), false)
#8 C:\xampp\htdocs\UAS\public\index.php(37): CodeIgniter\CodeIgniter->run()
#9 C:\xampp\htdocs\UAS\system\Commands\Server\rewrite.php(43): require_once('C:\\xampp\\htdocs...')
#10 {main}
ERROR - 2022-07-14 14:05:03 --> Unknown column 'tanggal_tayang' in 'field list'
CRITICAL - 2022-07-14 14:05:03 --> Unknown column 'tanggal_tayang' in 'field list'
#0 C:\xampp\htdocs\UAS\system\Database\MySQLi\Connection.php(292): mysqli->query('INSERT INTO `db...', 0)
#1 C:\xampp\htdocs\UAS\system\Database\BaseConnection.php(670): CodeIgniter\Database\MySQLi\Connection->execute('INSERT INTO `db...')
#2 C:\xampp\htdocs\UAS\system\Database\BaseConnection.php(598): CodeIgniter\Database\BaseConnection->simpleQuery('INSERT INTO `db...')
#3 C:\xampp\htdocs\UAS\system\Database\BaseBuilder.php(1771): CodeIgniter\Database\BaseConnection->query('INSERT INTO `db...', Array, false)
#4 C:\xampp\htdocs\UAS\app\Models\Modeldatafilm.php(18): CodeIgniter\Database\BaseBuilder->insert(Array)
#5 C:\xampp\htdocs\UAS\app\Controllers\Film.php(39): App\Models\Modeldatafilm->get_insert(Array)
#6 C:\xampp\htdocs\UAS\system\CodeIgniter.php(832): App\Controllers\Film->simpan()
#7 C:\xampp\htdocs\UAS\system\CodeIgniter.php(419): CodeIgniter\CodeIgniter->runController(Object(App\Controllers\Film))
#8 C:\xampp\htdocs\UAS\system\CodeIgniter.php(326): CodeIgniter\CodeIgniter->handleRequest(NULL, Object(Config\Cache), false)
#9 C:\xampp\htdocs\UAS\public\index.php(37): CodeIgniter\CodeIgniter->run()
#10 C:\xampp\htdocs\UAS\system\Commands\Server\rewrite.php(43): require_once('C:\\xampp\\htdocs...')
#11 {main}
ERROR - 2022-07-14 14:05:45 --> Unknown column 'tanggal_tayang' in 'field list'
CRITICAL - 2022-07-14 14:05:45 --> Unknown column 'tanggal_tayang' in 'field list'
#0 C:\xampp\htdocs\UAS\system\Database\MySQLi\Connection.php(292): mysqli->query('INSERT INTO `db...', 0)
#1 C:\xampp\htdocs\UAS\system\Database\BaseConnection.php(670): CodeIgniter\Database\MySQLi\Connection->execute('INSERT INTO `db...')
#2 C:\xampp\htdocs\UAS\system\Database\BaseConnection.php(598): CodeIgniter\Database\BaseConnection->simpleQuery('INSERT INTO `db...')
#3 C:\xampp\htdocs\UAS\system\Database\BaseBuilder.php(1771): CodeIgniter\Database\BaseConnection->query('INSERT INTO `db...', Array, false)
#4 C:\xampp\htdocs\UAS\app\Models\Modeldatafilm.php(18): CodeIgniter\Database\BaseBuilder->insert(Array)
#5 C:\xampp\htdocs\UAS\app\Controllers\Film.php(39): App\Models\Modeldatafilm->get_insert(Array)
#6 C:\xampp\htdocs\UAS\system\CodeIgniter.php(832): App\Controllers\Film->simpan()
#7 C:\xampp\htdocs\UAS\system\CodeIgniter.php(419): CodeIgniter\CodeIgniter->runController(Object(App\Controllers\Film))
#8 C:\xampp\htdocs\UAS\system\CodeIgniter.php(326): CodeIgniter\CodeIgniter->handleRequest(NULL, Object(Config\Cache), false)
#9 C:\xampp\htdocs\UAS\public\index.php(37): CodeIgniter\CodeIgniter->run()
#10 C:\xampp\htdocs\UAS\system\Commands\Server\rewrite.php(43): require_once('C:\\xampp\\htdocs...')
#11 {main}
ERROR - 2022-07-14 14:08:44 --> Duplicate entry '202001829' for key 'PRIMARY'
CRITICAL - 2022-07-14 14:08:44 --> Duplicate entry '202001829' for key 'PRIMARY'
#0 C:\xampp\htdocs\UAS\system\Database\MySQLi\Connection.php(292): mysqli->query('INSERT INTO `db...', 0)
#1 C:\xampp\htdocs\UAS\system\Database\BaseConnection.php(670): CodeIgniter\Database\MySQLi\Connection->execute('INSERT INTO `db...')
#2 C:\xampp\htdocs\UAS\system\Database\BaseConnection.php(598): CodeIgniter\Database\BaseConnection->simpleQuery('INSERT INTO `db...')
#3 C:\xampp\htdocs\UAS\system\Database\BaseBuilder.php(1771): CodeIgniter\Database\BaseConnection->query('INSERT INTO `db...', Array, false)
#4 C:\xampp\htdocs\UAS\app\Models\Modeldatafilm.php(18): CodeIgniter\Database\BaseBuilder->insert(Array)
#5 C:\xampp\htdocs\UAS\app\Controllers\Film.php(39): App\Models\Modeldatafilm->get_insert(Array)
#6 C:\xampp\htdocs\UAS\system\CodeIgniter.php(832): App\Controllers\Film->simpan()
#7 C:\xampp\htdocs\UAS\system\CodeIgniter.php(419): CodeIgniter\CodeIgniter->runController(Object(App\Controllers\Film))
#8 C:\xampp\htdocs\UAS\system\CodeIgniter.php(326): CodeIgniter\CodeIgniter->handleRequest(NULL, Object(Config\Cache), false)
#9 C:\xampp\htdocs\UAS\public\index.php(37): CodeIgniter\CodeIgniter->run()
#10 C:\xampp\htdocs\UAS\system\Commands\Server\rewrite.php(43): require_once('C:\\xampp\\htdocs...')
#11 {main}
CRITICAL - 2022-07-14 14:10:27 --> Undefined property: stdClass::$Lama_tayang
#0 C:\xampp\htdocs\UAS\app\Views\Film\edit.php(39): CodeIgniter\Debug\Exceptions->errorHandler(8, 'Undefined prope...', 'C:\\xampp\\htdocs...', 39, Array)
#1 C:\xampp\htdocs\UAS\system\View\View.php(210): include('C:\\xampp\\htdocs...')
#2 C:\xampp\htdocs\UAS\system\View\View.php(213): CodeIgniter\View\View->CodeIgniter\View\{closure}()
#3 C:\xampp\htdocs\UAS\system\Common.php(1089): CodeIgniter\View\View->render('Film/edit', Array, true)
#4 C:\xampp\htdocs\UAS\app\Controllers\Film.php(49): view('Film/edit', Array)
#5 C:\xampp\htdocs\UAS\system\CodeIgniter.php(832): App\Controllers\Film->edit('2020011')
#6 C:\xampp\htdocs\UAS\system\CodeIgniter.php(419): CodeIgniter\CodeIgniter->runController(Object(App\Controllers\Film))
#7 C:\xampp\htdocs\UAS\system\CodeIgniter.php(326): CodeIgniter\CodeIgniter->handleRequest(NULL, Object(Config\Cache), false)
#8 C:\xampp\htdocs\UAS\public\index.php(37): CodeIgniter\CodeIgniter->run()
#9 C:\xampp\htdocs\UAS\system\Commands\Server\rewrite.php(43): require_once('C:\\xampp\\htdocs...')
#10 {main}
CRITICAL - 2022-07-14 14:11:34 --> Call to undefined method App\Models\Modeldatafilm::get_data
#0 C:\xampp\htdocs\UAS\app\Controllers\Film.php(44): CodeIgniter\Model->__call('get_data', Array)
#1 C:\xampp\htdocs\UAS\system\CodeIgniter.php(832): App\Controllers\Film->edit('2020011')
#2 C:\xampp\htdocs\UAS\system\CodeIgniter.php(419): CodeIgniter\CodeIgniter->runController(Object(App\Controllers\Film))
#3 C:\xampp\htdocs\UAS\system\CodeIgniter.php(326): CodeIgniter\CodeIgniter->handleRequest(NULL, Object(Config\Cache), false)
#4 C:\xampp\htdocs\UAS\public\index.php(37): CodeIgniter\CodeIgniter->run()
#5 C:\xampp\htdocs\UAS\system\Commands\Server\rewrite.php(43): require_once('C:\\xampp\\htdocs...')
#6 {main}
CRITICAL - 2022-07-14 14:28:58 --> Declaration of App\Models\Modeldatafilm::update($id, $data) must be compatible with CodeIgniter\Model::update($id = NULL, $data = NULL): bool
#0 [internal function]: CodeIgniter\Debug\Exceptions->shutdownHandler()
#1 {main}
CRITICAL - 2022-07-14 14:29:55 --> Declaration of App\Models\Modeldatafilm::update($id, $data) must be compatible with CodeIgniter\Model::update($id = NULL, $data = NULL): bool
#0 [internal function]: CodeIgniter\Debug\Exceptions->shutdownHandler()
#1 {main}
CRITICAL - 2022-07-14 14:29:56 --> Declaration of App\Models\Modeldatafilm::update($id, $data) must be compatible with CodeIgniter\Model::update($id = NULL, $data = NULL): bool
#0 [internal function]: CodeIgniter\Debug\Exceptions->shutdownHandler()
#1 {main}
CRITICAL - 2022-07-14 14:29:57 --> Declaration of App\Models\Modeldatafilm::update($id, $data) must be compatible with CodeIgniter\Model::update($id = NULL, $data = NULL): bool
#0 [internal function]: CodeIgniter\Debug\Exceptions->shutdownHandler()
#1 {main}
CRITICAL - 2022-07-14 14:30:28 --> Declaration of App\Models\Modeldatafilm::update($id, $data) must be compatible with CodeIgniter\Model::update($id = NULL, $data = NULL): bool
#0 [internal function]: CodeIgniter\Debug\Exceptions->shutdownHandler()
#1 {main}
CRITICAL - 2022-07-14 14:30:43 --> Call to undefined method App\Models\Modeldatafilm::get_data
#0 C:\xampp\htdocs\UAS\app\Controllers\Film.php(44): CodeIgniter\Model->__call('get_data', Array)
#1 C:\xampp\htdocs\UAS\system\CodeIgniter.php(832): App\Controllers\Film->edit('2020011')
#2 C:\xampp\htdocs\UAS\system\CodeIgniter.php(419): CodeIgniter\CodeIgniter->runController(Object(App\Controllers\Film))
#3 C:\xampp\htdocs\UAS\system\CodeIgniter.php(326): CodeIgniter\CodeIgniter->handleRequest(NULL, Object(Config\Cache), false)
#4 C:\xampp\htdocs\UAS\public\index.php(37): CodeIgniter\CodeIgniter->run()
#5 C:\xampp\htdocs\UAS\system\Commands\Server\rewrite.php(43): require_once('C:\\xampp\\htdocs...')
#6 {main}
CRITICAL - 2022-07-14 14:31:26 --> syntax error, unexpected 'set' (T_STRING), expecting ';'
#0 C:\xampp\htdocs\UAS\system\Autoloader\Autoloader.php(241): CodeIgniter\Autoloader\Autoloader->includeFile('C:\\xampp\\htdocs...')
#1 C:\xampp\htdocs\UAS\system\Autoloader\Autoloader.php(219): CodeIgniter\Autoloader\Autoloader->loadInNamespace('App\\models\\Mode...')
#2 [internal function]: CodeIgniter\Autoloader\Autoloader->loadClass('App\\models\\Mode...')
#3 C:\xampp\htdocs\UAS\app\Controllers\Film.php(11): spl_autoload_call('App\\models\\Mode...')
#4 C:\xampp\htdocs\UAS\system\CodeIgniter.php(809): App\Controllers\Film->__construct()
#5 C:\xampp\htdocs\UAS\system\CodeIgniter.php(410): CodeIgniter\CodeIgniter->createController()
#6 C:\xampp\htdocs\UAS\system\CodeIgniter.php(326): CodeIgniter\CodeIgniter->handleRequest(NULL, Object(Config\Cache), false)
#7 C:\xampp\htdocs\UAS\public\index.php(37): CodeIgniter\CodeIgniter->run()
#8 C:\xampp\htdocs\UAS\system\Commands\Server\rewrite.php(43): require_once('C:\\xampp\\htdocs...')
#9 {main}
CRITICAL - 2022-07-14 14:31:33 --> Call to undefined method App\Models\Modeldatafilm::get_data
#0 C:\xampp\htdocs\UAS\app\Controllers\Film.php(44): CodeIgniter\Model->__call('get_data', Array)
#1 C:\xampp\htdocs\UAS\system\CodeIgniter.php(832): App\Controllers\Film->edit('2020011')
#2 C:\xampp\htdocs\UAS\system\CodeIgniter.php(419): CodeIgniter\CodeIgniter->runController(Object(App\Controllers\Film))
#3 C:\xampp\htdocs\UAS\system\CodeIgniter.php(326): CodeIgniter\CodeIgniter->handleRequest(NULL, Object(Config\Cache), false)
#4 C:\xampp\htdocs\UAS\public\index.php(37): CodeIgniter\CodeIgniter->run()
#5 C:\xampp\htdocs\UAS\system\Commands\Server\rewrite.php(43): require_once('C:\\xampp\\htdocs...')
#6 {main}
CRITICAL - 2022-07-14 14:34:01 --> Call to undefined method App\Models\Modeldatafilm::get_data
#0 C:\xampp\htdocs\UAS\app\Controllers\Film.php(44): CodeIgniter\Model->__call('get_data', Array)
#1 C:\xampp\htdocs\UAS\system\CodeIgniter.php(832): App\Controllers\Film->edit('2020011')
#2 C:\xampp\htdocs\UAS\system\CodeIgniter.php(419): CodeIgniter\CodeIgniter->runController(Object(App\Controllers\Film))
#3 C:\xampp\htdocs\UAS\system\CodeIgniter.php(326): CodeIgniter\CodeIgniter->handleRequest(NULL, Object(Config\Cache), false)
#4 C:\xampp\htdocs\UAS\public\index.php(37): CodeIgniter\CodeIgniter->run()
#5 C:\xampp\htdocs\UAS\system\Commands\Server\rewrite.php(43): require_once('C:\\xampp\\htdocs...')
#6 {main}
CRITICAL - 2022-07-14 14:34:03 --> Call to undefined method App\Models\Modeldatafilm::get_data
#0 C:\xampp\htdocs\UAS\app\Controllers\Film.php(44): CodeIgniter\Model->__call('get_data', Array)
#1 C:\xampp\htdocs\UAS\system\CodeIgniter.php(832): App\Controllers\Film->edit('2020011')
#2 C:\xampp\htdocs\UAS\system\CodeIgniter.php(419): CodeIgniter\CodeIgniter->runController(Object(App\Controllers\Film))
#3 C:\xampp\htdocs\UAS\system\CodeIgniter.php(326): CodeIgniter\CodeIgniter->handleRequest(NULL, Object(Config\Cache), false)
#4 C:\xampp\htdocs\UAS\public\index.php(37): CodeIgniter\CodeIgniter->run()
#5 C:\xampp\htdocs\UAS\system\Commands\Server\rewrite.php(43): require_once('C:\\xampp\\htdocs...')
#6 {main}
CRITICAL - 2022-07-14 14:34:03 --> Call to undefined method App\Models\Modeldatafilm::get_data
#0 C:\xampp\htdocs\UAS\app\Controllers\Film.php(44): CodeIgniter\Model->__call('get_data', Array)
#1 C:\xampp\htdocs\UAS\system\CodeIgniter.php(832): App\Controllers\Film->edit('2020011')
#2 C:\xampp\htdocs\UAS\system\CodeIgniter.php(419): CodeIgniter\CodeIgniter->runController(Object(App\Controllers\Film))
#3 C:\xampp\htdocs\UAS\system\CodeIgniter.php(326): CodeIgniter\CodeIgniter->handleRequest(NULL, Object(Config\Cache), false)
#4 C:\xampp\htdocs\UAS\public\index.php(37): CodeIgniter\CodeIgniter->run()
#5 C:\xampp\htdocs\UAS\system\Commands\Server\rewrite.php(43): require_once('C:\\xampp\\htdocs...')
#6 {main}
CRITICAL - 2022-07-14 14:34:04 --> Call to undefined method App\Models\Modeldatafilm::get_data
#0 C:\xampp\htdocs\UAS\app\Controllers\Film.php(44): CodeIgniter\Model->__call('get_data', Array)
#1 C:\xampp\htdocs\UAS\system\CodeIgniter.php(832): App\Controllers\Film->edit('2020011')
#2 C:\xampp\htdocs\UAS\system\CodeIgniter.php(419): CodeIgniter\CodeIgniter->runController(Object(App\Controllers\Film))
#3 C:\xampp\htdocs\UAS\system\CodeIgniter.php(326): CodeIgniter\CodeIgniter->handleRequest(NULL, Object(Config\Cache), false)
#4 C:\xampp\htdocs\UAS\public\index.php(37): CodeIgniter\CodeIgniter->run()
#5 C:\xampp\htdocs\UAS\system\Commands\Server\rewrite.php(43): require_once('C:\\xampp\\htdocs...')
#6 {main}
CRITICAL - 2022-07-14 14:34:56 --> Call to undefined method App\Models\Modeldatafilm::get_data
#0 C:\xampp\htdocs\UAS\app\Controllers\Film.php(44): CodeIgniter\Model->__call('get_data', Array)
#1 C:\xampp\htdocs\UAS\system\CodeIgniter.php(832): App\Controllers\Film->edit('2020011')
#2 C:\xampp\htdocs\UAS\system\CodeIgniter.php(419): CodeIgniter\CodeIgniter->runController(Object(App\Controllers\Film))
#3 C:\xampp\htdocs\UAS\system\CodeIgniter.php(326): CodeIgniter\CodeIgniter->handleRequest(NULL, Object(Config\Cache), false)
#4 C:\xampp\htdocs\UAS\public\index.php(37): CodeIgniter\CodeIgniter->run()
#5 C:\xampp\htdocs\UAS\system\Commands\Server\rewrite.php(43): require_once('C:\\xampp\\htdocs...')
#6 {main}
CRITICAL - 2022-07-14 14:36:30 --> Call to undefined method App\Models\Modeldatafilm::get_data
#0 C:\xampp\htdocs\UAS\app\Controllers\Film.php(44): CodeIgniter\Model->__call('get_data', Array)
#1 C:\xampp\htdocs\UAS\system\CodeIgniter.php(832): App\Controllers\Film->edit('2020011')
#2 C:\xampp\htdocs\UAS\system\CodeIgniter.php(419): CodeIgniter\CodeIgniter->runController(Object(App\Controllers\Film))
#3 C:\xampp\htdocs\UAS\system\CodeIgniter.php(326): CodeIgniter\CodeIgniter->handleRequest(NULL, Object(Config\Cache), false)
#4 C:\xampp\htdocs\UAS\public\index.php(37): CodeIgniter\CodeIgniter->run()
#5 C:\xampp\htdocs\UAS\system\Commands\Server\rewrite.php(43): require_once('C:\\xampp\\htdocs...')
#6 {main}
CRITICAL - 2022-07-14 14:37:20 --> Call to undefined method App\Models\Modeldatafilm::get_data
#0 C:\xampp\htdocs\UAS\app\Controllers\Film.php(44): CodeIgniter\Model->__call('get_data', Array)
#1 C:\xampp\htdocs\UAS\system\CodeIgniter.php(832): App\Controllers\Film->edit('2020011')
#2 C:\xampp\htdocs\UAS\system\CodeIgniter.php(419): CodeIgniter\CodeIgniter->runController(Object(App\Controllers\Film))
#3 C:\xampp\htdocs\UAS\system\CodeIgniter.php(326): CodeIgniter\CodeIgniter->handleRequest(NULL, Object(Config\Cache), false)
#4 C:\xampp\htdocs\UAS\public\index.php(37): CodeIgniter\CodeIgniter->run()
#5 C:\xampp\htdocs\UAS\system\Commands\Server\rewrite.php(43): require_once('C:\\xampp\\htdocs...')
#6 {main}
CRITICAL - 2022-07-14 14:37:26 --> Call to undefined method App\Models\Modeldatafilm::get_data
#0 C:\xampp\htdocs\UAS\app\Controllers\Film.php(44): CodeIgniter\Model->__call('get_data', Array)
#1 C:\xampp\htdocs\UAS\system\CodeIgniter.php(832): App\Controllers\Film->edit('2020011')
#2 C:\xampp\htdocs\UAS\system\CodeIgniter.php(419): CodeIgniter\CodeIgniter->runController(Object(App\Controllers\Film))
#3 C:\xampp\htdocs\UAS\system\CodeIgniter.php(326): CodeIgniter\CodeIgniter->handleRequest(NULL, Object(Config\Cache), false)
#4 C:\xampp\htdocs\UAS\public\index.php(37): CodeIgniter\CodeIgniter->run()
#5 C:\xampp\htdocs\UAS\system\Commands\Server\rewrite.php(43): require_once('C:\\xampp\\htdocs...')
#6 {main}
CRITICAL - 2022-07-14 14:39:09 --> Call to undefined method App\Models\Modeldatafilm::get_data
#0 C:\xampp\htdocs\UAS\app\Controllers\Film.php(44): CodeIgniter\Model->__call('get_data', Array)
#1 C:\xampp\htdocs\UAS\system\CodeIgniter.php(832): App\Controllers\Film->edit('2020011')
#2 C:\xampp\htdocs\UAS\system\CodeIgniter.php(419): CodeIgniter\CodeIgniter->runController(Object(App\Controllers\Film))
#3 C:\xampp\htdocs\UAS\system\CodeIgniter.php(326): CodeIgniter\CodeIgniter->handleRequest(NULL, Object(Config\Cache), false)
#4 C:\xampp\htdocs\UAS\public\index.php(37): CodeIgniter\CodeIgniter->run()
#5 C:\xampp\htdocs\UAS\system\Commands\Server\rewrite.php(43): require_once('C:\\xampp\\htdocs...')
#6 {main}
CRITICAL - 2022-07-14 14:40:31 --> Call to undefined method App\Models\Modeldatafilm::get_data
#0 C:\xampp\htdocs\UAS\app\Controllers\Film.php(44): CodeIgniter\Model->__call('get_data', Array)
#1 C:\xampp\htdocs\UAS\system\CodeIgniter.php(832): App\Controllers\Film->edit('2020011')
#2 C:\xampp\htdocs\UAS\system\CodeIgniter.php(419): CodeIgniter\CodeIgniter->runController(Object(App\Controllers\Film))
#3 C:\xampp\htdocs\UAS\system\CodeIgniter.php(326): CodeIgniter\CodeIgniter->handleRequest(NULL, Object(Config\Cache), false)
#4 C:\xampp\htdocs\UAS\public\index.php(37): CodeIgniter\CodeIgniter->run()
#5 C:\xampp\htdocs\UAS\system\Commands\Server\rewrite.php(43): require_once('C:\\xampp\\htdocs...')
#6 {main}
CRITICAL - 2022-07-14 14:40:43 --> Invalid file: edit.php
#0 C:\xampp\htdocs\UAS\system\View\View.php(198): CodeIgniter\Exceptions\FrameworkException::forInvalidFile('edit.php')
#1 C:\xampp\htdocs\UAS\system\Common.php(1089): CodeIgniter\View\View->render('edit', Array, true)
#2 C:\xampp\htdocs\UAS\app\Controllers\Film.php(45): view('edit', Array)
#3 C:\xampp\htdocs\UAS\system\CodeIgniter.php(832): App\Controllers\Film->edit('2020011')
#4 C:\xampp\htdocs\UAS\system\CodeIgniter.php(419): CodeIgniter\CodeIgniter->runController(Object(App\Controllers\Film))
#5 C:\xampp\htdocs\UAS\system\CodeIgniter.php(326): CodeIgniter\CodeIgniter->handleRequest(NULL, Object(Config\Cache), false)
#6 C:\xampp\htdocs\UAS\public\index.php(37): CodeIgniter\CodeIgniter->run()
#7 C:\xampp\htdocs\UAS\system\Commands\Server\rewrite.php(43): require_once('C:\\xampp\\htdocs...')
#8 {main}
CRITICAL - 2022-07-14 14:53:25 --> Declaration of App\Models\Modeldatafilm::delete($id) should be compatible with CodeIgniter\BaseModel::delete($id = NULL, bool $purge = false)
#0 C:\xampp\htdocs\UAS\app\Models\Modeldatafilm.php(7): CodeIgniter\Debug\Exceptions->errorHandler(2, 'Declaration of ...', 'C:\\xampp\\htdocs...', 34, Array)
#1 C:\xampp\htdocs\UAS\system\Autoloader\Autoloader.php(264): include_once('C:\\xampp\\htdocs...')
#2 C:\xampp\htdocs\UAS\system\Autoloader\Autoloader.php(241): CodeIgniter\Autoloader\Autoloader->includeFile('C:\\xampp\\htdocs...')
#3 C:\xampp\htdocs\UAS\system\Autoloader\Autoloader.php(219): CodeIgniter\Autoloader\Autoloader->loadInNamespace('App\\models\\Mode...')
#4 [internal function]: CodeIgniter\Autoloader\Autoloader->loadClass('App\\models\\Mode...')
#5 C:\xampp\htdocs\UAS\app\Controllers\Film.php(11): spl_autoload_call('App\\models\\Mode...')
#6 C:\xampp\htdocs\UAS\system\CodeIgniter.php(809): App\Controllers\Film->__construct()
#7 C:\xampp\htdocs\UAS\system\CodeIgniter.php(410): CodeIgniter\CodeIgniter->createController()
#8 C:\xampp\htdocs\UAS\system\CodeIgniter.php(326): CodeIgniter\CodeIgniter->handleRequest(NULL, Object(Config\Cache), false)
#9 C:\xampp\htdocs\UAS\public\index.php(37): CodeIgniter\CodeIgniter->run()
#10 C:\xampp\htdocs\UAS\system\Commands\Server\rewrite.php(43): require_once('C:\\xampp\\htdocs...')
#11 {main}
CRITICAL - 2022-07-14 14:53:52 --> Declaration of App\Models\Modeldatafilm::delete($id) should be compatible with CodeIgniter\BaseModel::delete($id = NULL, bool $purge = false)
#0 C:\xampp\htdocs\UAS\app\Models\Modeldatafilm.php(7): CodeIgniter\Debug\Exceptions->errorHandler(2, 'Declaration of ...', 'C:\\xampp\\htdocs...', 34, Array)
#1 C:\xampp\htdocs\UAS\system\Autoloader\Autoloader.php(264): include_once('C:\\xampp\\htdocs...')
#2 C:\xampp\htdocs\UAS\system\Autoloader\Autoloader.php(241): CodeIgniter\Autoloader\Autoloader->includeFile('C:\\xampp\\htdocs...')
#3 C:\xampp\htdocs\UAS\system\Autoloader\Autoloader.php(219): CodeIgniter\Autoloader\Autoloader->loadInNamespace('App\\models\\Mode...')
#4 [internal function]: CodeIgniter\Autoloader\Autoloader->loadClass('App\\models\\Mode...')
#5 C:\xampp\htdocs\UAS\app\Controllers\Film.php(11): spl_autoload_call('App\\models\\Mode...')
#6 C:\xampp\htdocs\UAS\system\CodeIgniter.php(809): App\Controllers\Film->__construct()
#7 C:\xampp\htdocs\UAS\system\CodeIgniter.php(410): CodeIgniter\CodeIgniter->createController()
#8 C:\xampp\htdocs\UAS\system\CodeIgniter.php(326): CodeIgniter\CodeIgniter->handleRequest(NULL, Object(Config\Cache), false)
#9 C:\xampp\htdocs\UAS\public\index.php(37): CodeIgniter\CodeIgniter->run()
#10 C:\xampp\htdocs\UAS\system\Commands\Server\rewrite.php(43): require_once('C:\\xampp\\htdocs...')
#11 {main}
CRITICAL - 2022-07-14 14:53:53 --> Declaration of App\Models\Modeldatafilm::delete($id) should be compatible with CodeIgniter\BaseModel::delete($id = NULL, bool $purge = false)
#0 C:\xampp\htdocs\UAS\app\Models\Modeldatafilm.php(7): CodeIgniter\Debug\Exceptions->errorHandler(2, 'Declaration of ...', 'C:\\xampp\\htdocs...', 34, Array)
#1 C:\xampp\htdocs\UAS\system\Autoloader\Autoloader.php(264): include_once('C:\\xampp\\htdocs...')
#2 C:\xampp\htdocs\UAS\system\Autoloader\Autoloader.php(241): CodeIgniter\Autoloader\Autoloader->includeFile('C:\\xampp\\htdocs...')
#3 C:\xampp\htdocs\UAS\system\Autoloader\Autoloader.php(219): CodeIgniter\Autoloader\Autoloader->loadInNamespace('App\\models\\Mode...')
#4 [internal function]: CodeIgniter\Autoloader\Autoloader->loadClass('App\\models\\Mode...')
#5 C:\xampp\htdocs\UAS\app\Controllers\Film.php(11): spl_autoload_call('App\\models\\Mode...')
#6 C:\xampp\htdocs\UAS\system\CodeIgniter.php(809): App\Controllers\Film->__construct()
#7 C:\xampp\htdocs\UAS\system\CodeIgniter.php(410): CodeIgniter\CodeIgniter->createController()
#8 C:\xampp\htdocs\UAS\system\CodeIgniter.php(326): CodeIgniter\CodeIgniter->handleRequest(NULL, Object(Config\Cache), false)
#9 C:\xampp\htdocs\UAS\public\index.php(37): CodeIgniter\CodeIgniter->run()
#10 C:\xampp\htdocs\UAS\system\Commands\Server\rewrite.php(43): require_once('C:\\xampp\\htdocs...')
#11 {main}
CRITICAL - 2022-07-14 14:53:54 --> Declaration of App\Models\Modeldatafilm::delete($id) should be compatible with CodeIgniter\BaseModel::delete($id = NULL, bool $purge = false)
#0 C:\xampp\htdocs\UAS\app\Models\Modeldatafilm.php(7): CodeIgniter\Debug\Exceptions->errorHandler(2, 'Declaration of ...', 'C:\\xampp\\htdocs...', 34, Array)
#1 C:\xampp\htdocs\UAS\system\Autoloader\Autoloader.php(264): include_once('C:\\xampp\\htdocs...')
#2 C:\xampp\htdocs\UAS\system\Autoloader\Autoloader.php(241): CodeIgniter\Autoloader\Autoloader->includeFile('C:\\xampp\\htdocs...')
#3 C:\xampp\htdocs\UAS\system\Autoloader\Autoloader.php(219): CodeIgniter\Autoloader\Autoloader->loadInNamespace('App\\models\\Mode...')
#4 [internal function]: CodeIgniter\Autoloader\Autoloader->loadClass('App\\models\\Mode...')
#5 C:\xampp\htdocs\UAS\app\Controllers\Film.php(11): spl_autoload_call('App\\models\\Mode...')
#6 C:\xampp\htdocs\UAS\system\CodeIgniter.php(809): App\Controllers\Film->__construct()
#7 C:\xampp\htdocs\UAS\system\CodeIgniter.php(410): CodeIgniter\CodeIgniter->createController()
#8 C:\xampp\htdocs\UAS\system\CodeIgniter.php(326): CodeIgniter\CodeIgniter->handleRequest(NULL, Object(Config\Cache), false)
#9 C:\xampp\htdocs\UAS\public\index.php(37): CodeIgniter\CodeIgniter->run()
#10 C:\xampp\htdocs\UAS\system\Commands\Server\rewrite.php(43): require_once('C:\\xampp\\htdocs...')
#11 {main}
CRITICAL - 2022-07-14 14:55:10 --> Declaration of App\Models\Modeldatafilm::delete($id) should be compatible with CodeIgniter\BaseModel::delete($id = NULL, bool $purge = false)
#0 C:\xampp\htdocs\UAS\app\Models\Modeldatafilm.php(7): CodeIgniter\Debug\Exceptions->errorHandler(2, 'Declaration of ...', 'C:\\xampp\\htdocs...', 34, Array)
#1 C:\xampp\htdocs\UAS\system\Autoloader\Autoloader.php(264): include_once('C:\\xampp\\htdocs...')
#2 C:\xampp\htdocs\UAS\system\Autoloader\Autoloader.php(241): CodeIgniter\Autoloader\Autoloader->includeFile('C:\\xampp\\htdocs...')
#3 C:\xampp\htdocs\UAS\system\Autoloader\Autoloader.php(219): CodeIgniter\Autoloader\Autoloader->loadInNamespace('App\\models\\Mode...')
#4 [internal function]: CodeIgniter\Autoloader\Autoloader->loadClass('App\\models\\Mode...')
#5 C:\xampp\htdocs\UAS\app\Controllers\Film.php(11): spl_autoload_call('App\\models\\Mode...')
#6 C:\xampp\htdocs\UAS\system\CodeIgniter.php(809): App\Controllers\Film->__construct()
#7 C:\xampp\htdocs\UAS\system\CodeIgniter.php(410): CodeIgniter\CodeIgniter->createController()
#8 C:\xampp\htdocs\UAS\system\CodeIgniter.php(326): CodeIgniter\CodeIgniter->handleRequest(NULL, Object(Config\Cache), false)
#9 C:\xampp\htdocs\UAS\public\index.php(37): CodeIgniter\CodeIgniter->run()
#10 C:\xampp\htdocs\UAS\system\Commands\Server\rewrite.php(43): require_once('C:\\xampp\\htdocs...')
#11 {main}
CRITICAL - 2022-07-14 14:55:19 --> Declaration of App\Models\Modeldatafilm::delete($id) should be compatible with CodeIgniter\BaseModel::delete($id = NULL, bool $purge = false)
#0 C:\xampp\htdocs\UAS\app\Models\Modeldatafilm.php(7): CodeIgniter\Debug\Exceptions->errorHandler(2, 'Declaration of ...', 'C:\\xampp\\htdocs...', 34, Array)
#1 C:\xampp\htdocs\UAS\system\Autoloader\Autoloader.php(264): include_once('C:\\xampp\\htdocs...')
#2 C:\xampp\htdocs\UAS\system\Autoloader\Autoloader.php(241): CodeIgniter\Autoloader\Autoloader->includeFile('C:\\xampp\\htdocs...')
#3 C:\xampp\htdocs\UAS\system\Autoloader\Autoloader.php(219): CodeIgniter\Autoloader\Autoloader->loadInNamespace('App\\models\\Mode...')
#4 [internal function]: CodeIgniter\Autoloader\Autoloader->loadClass('App\\models\\Mode...')
#5 C:\xampp\htdocs\UAS\app\Controllers\Film.php(11): spl_autoload_call('App\\models\\Mode...')
#6 C:\xampp\htdocs\UAS\system\CodeIgniter.php(809): App\Controllers\Film->__construct()
#7 C:\xampp\htdocs\UAS\system\CodeIgniter.php(410): CodeIgniter\CodeIgniter->createController()
#8 C:\xampp\htdocs\UAS\system\CodeIgniter.php(326): CodeIgniter\CodeIgniter->handleRequest(NULL, Object(Config\Cache), false)
#9 C:\xampp\htdocs\UAS\public\index.php(37): CodeIgniter\CodeIgniter->run()
#10 C:\xampp\htdocs\UAS\system\Commands\Server\rewrite.php(43): require_once('C:\\xampp\\htdocs...')
#11 {main}
CRITICAL - 2022-07-14 14:55:20 --> Declaration of App\Models\Modeldatafilm::delete($id) should be compatible with CodeIgniter\BaseModel::delete($id = NULL, bool $purge = false)
#0 C:\xampp\htdocs\UAS\app\Models\Modeldatafilm.php(7): CodeIgniter\Debug\Exceptions->errorHandler(2, 'Declaration of ...', 'C:\\xampp\\htdocs...', 34, Array)
#1 C:\xampp\htdocs\UAS\system\Autoloader\Autoloader.php(264): include_once('C:\\xampp\\htdocs...')
#2 C:\xampp\htdocs\UAS\system\Autoloader\Autoloader.php(241): CodeIgniter\Autoloader\Autoloader->includeFile('C:\\xampp\\htdocs...')
#3 C:\xampp\htdocs\UAS\system\Autoloader\Autoloader.php(219): CodeIgniter\Autoloader\Autoloader->loadInNamespace('App\\models\\Mode...')
#4 [internal function]: CodeIgniter\Autoloader\Autoloader->loadClass('App\\models\\Mode...')
#5 C:\xampp\htdocs\UAS\app\Controllers\Film.php(11): spl_autoload_call('App\\models\\Mode...')
#6 C:\xampp\htdocs\UAS\system\CodeIgniter.php(809): App\Controllers\Film->__construct()
#7 C:\xampp\htdocs\UAS\system\CodeIgniter.php(410): CodeIgniter\CodeIgniter->createController()
#8 C:\xampp\htdocs\UAS\system\CodeIgniter.php(326): CodeIgniter\CodeIgniter->handleRequest(NULL, Object(Config\Cache), false)
#9 C:\xampp\htdocs\UAS\public\index.php(37): CodeIgniter\CodeIgniter->run()
#10 C:\xampp\htdocs\UAS\system\Commands\Server\rewrite.php(43): require_once('C:\\xampp\\htdocs...')
#11 {main}
CRITICAL - 2022-07-14 14:55:20 --> Declaration of App\Models\Modeldatafilm::delete($id) should be compatible with CodeIgniter\BaseModel::delete($id = NULL, bool $purge = false)
#0 C:\xampp\htdocs\UAS\app\Models\Modeldatafilm.php(7): CodeIgniter\Debug\Exceptions->errorHandler(2, 'Declaration of ...', 'C:\\xampp\\htdocs...', 34, Array)
#1 C:\xampp\htdocs\UAS\system\Autoloader\Autoloader.php(264): include_once('C:\\xampp\\htdocs...')
#2 C:\xampp\htdocs\UAS\system\Autoloader\Autoloader.php(241): CodeIgniter\Autoloader\Autoloader->includeFile('C:\\xampp\\htdocs...')
#3 C:\xampp\htdocs\UAS\system\Autoloader\Autoloader.php(219): CodeIgniter\Autoloader\Autoloader->loadInNamespace('App\\models\\Mode...')
#4 [internal function]: CodeIgniter\Autoloader\Autoloader->loadClass('App\\models\\Mode...')
#5 C:\xampp\htdocs\UAS\app\Controllers\Film.php(11): spl_autoload_call('App\\models\\Mode...')
#6 C:\xampp\htdocs\UAS\system\CodeIgniter.php(809): App\Controllers\Film->__construct()
#7 C:\xampp\htdocs\UAS\system\CodeIgniter.php(410): CodeIgniter\CodeIgniter->createController()
#8 C:\xampp\htdocs\UAS\system\CodeIgniter.php(326): CodeIgniter\CodeIgniter->handleRequest(NULL, Object(Config\Cache), false)
#9 C:\xampp\htdocs\UAS\public\index.php(37): CodeIgniter\CodeIgniter->run()
#10 C:\xampp\htdocs\UAS\system\Commands\Server\rewrite.php(43): require_once('C:\\xampp\\htdocs...')
#11 {main}
CRITICAL - 2022-07-14 14:55:44 --> Declaration of App\Models\Modeldatafilm::delete($id) should be compatible with CodeIgniter\BaseModel::delete($id = NULL, bool $purge = false)
#0 C:\xampp\htdocs\UAS\app\Models\Modeldatafilm.php(7): CodeIgniter\Debug\Exceptions->errorHandler(2, 'Declaration of ...', 'C:\\xampp\\htdocs...', 34, Array)
#1 C:\xampp\htdocs\UAS\system\Autoloader\Autoloader.php(264): include_once('C:\\xampp\\htdocs...')
#2 C:\xampp\htdocs\UAS\system\Autoloader\Autoloader.php(241): CodeIgniter\Autoloader\Autoloader->includeFile('C:\\xampp\\htdocs...')
#3 C:\xampp\htdocs\UAS\system\Autoloader\Autoloader.php(219): CodeIgniter\Autoloader\Autoloader->loadInNamespace('App\\models\\Mode...')
#4 [internal function]: CodeIgniter\Autoloader\Autoloader->loadClass('App\\models\\Mode...')
#5 C:\xampp\htdocs\UAS\app\Controllers\Film.php(11): spl_autoload_call('App\\models\\Mode...')
#6 C:\xampp\htdocs\UAS\system\CodeIgniter.php(809): App\Controllers\Film->__construct()
#7 C:\xampp\htdocs\UAS\system\CodeIgniter.php(410): CodeIgniter\CodeIgniter->createController()
#8 C:\xampp\htdocs\UAS\system\CodeIgniter.php(326): CodeIgniter\CodeIgniter->handleRequest(NULL, Object(Config\Cache), false)
#9 C:\xampp\htdocs\UAS\public\index.php(37): CodeIgniter\CodeIgniter->run()
#10 C:\xampp\htdocs\UAS\system\Commands\Server\rewrite.php(43): require_once('C:\\xampp\\htdocs...')
#11 {main}
CRITICAL - 2022-07-14 14:56:13 --> Declaration of App\Models\Modeldatafilm::delete($id) should be compatible with CodeIgniter\BaseModel::delete($id = NULL, bool $purge = false)
#0 C:\xampp\htdocs\UAS\app\Models\Modeldatafilm.php(7): CodeIgniter\Debug\Exceptions->errorHandler(2, 'Declaration of ...', 'C:\\xampp\\htdocs...', 34, Array)
#1 C:\xampp\htdocs\UAS\system\Autoloader\Autoloader.php(264): include_once('C:\\xampp\\htdocs...')
#2 C:\xampp\htdocs\UAS\system\Autoloader\Autoloader.php(241): CodeIgniter\Autoloader\Autoloader->includeFile('C:\\xampp\\htdocs...')
#3 C:\xampp\htdocs\UAS\system\Autoloader\Autoloader.php(219): CodeIgniter\Autoloader\Autoloader->loadInNamespace('App\\models\\Mode...')
#4 [internal function]: CodeIgniter\Autoloader\Autoloader->loadClass('App\\models\\Mode...')
#5 C:\xampp\htdocs\UAS\app\Controllers\Film.php(11): spl_autoload_call('App\\models\\Mode...')
#6 C:\xampp\htdocs\UAS\system\CodeIgniter.php(809): App\Controllers\Film->__construct()
#7 C:\xampp\htdocs\UAS\system\CodeIgniter.php(410): CodeIgniter\CodeIgniter->createController()
#8 C:\xampp\htdocs\UAS\system\CodeIgniter.php(326): CodeIgniter\CodeIgniter->handleRequest(NULL, Object(Config\Cache), false)
#9 C:\xampp\htdocs\UAS\public\index.php(37): CodeIgniter\CodeIgniter->run()
#10 C:\xampp\htdocs\UAS\system\Commands\Server\rewrite.php(43): require_once('C:\\xampp\\htdocs...')
#11 {main}
CRITICAL - 2022-07-14 14:56:31 --> Undefined variable: builder
#0 C:\xampp\htdocs\UAS\app\Models\Modeldatafilm.php(35): CodeIgniter\Debug\Exceptions->errorHandler(8, 'Undefined varia...', 'C:\\xampp\\htdocs...', 35, Array)
#1 C:\xampp\htdocs\UAS\app\Controllers\Film.php(65): App\Models\Modeldatafilm->get_delete('2020011')
#2 C:\xampp\htdocs\UAS\system\CodeIgniter.php(832): App\Controllers\Film->delete('2020011')
#3 C:\xampp\htdocs\UAS\system\CodeIgniter.php(419): CodeIgniter\CodeIgniter->runController(Object(App\Controllers\Film))
#4 C:\xampp\htdocs\UAS\system\CodeIgniter.php(326): CodeIgniter\CodeIgniter->handleRequest(NULL, Object(Config\Cache), false)
#5 C:\xampp\htdocs\UAS\public\index.php(37): CodeIgniter\CodeIgniter->run()
#6 C:\xampp\htdocs\UAS\system\Commands\Server\rewrite.php(43): require_once('C:\\xampp\\htdocs...')
#7 {main}
CRITICAL - 2022-07-14 14:56:52 --> Undefined variable: builder
#0 C:\xampp\htdocs\UAS\app\Models\Modeldatafilm.php(36): CodeIgniter\Debug\Exceptions->errorHandler(8, 'Undefined varia...', 'C:\\xampp\\htdocs...', 36, Array)
#1 C:\xampp\htdocs\UAS\app\Controllers\Film.php(65): App\Models\Modeldatafilm->get_delete('2020011')
#2 C:\xampp\htdocs\UAS\system\CodeIgniter.php(832): App\Controllers\Film->delete('2020011')
#3 C:\xampp\htdocs\UAS\system\CodeIgniter.php(419): CodeIgniter\CodeIgniter->runController(Object(App\Controllers\Film))
#4 C:\xampp\htdocs\UAS\system\CodeIgniter.php(326): CodeIgniter\CodeIgniter->handleRequest(NULL, Object(Config\Cache), false)
#5 C:\xampp\htdocs\UAS\public\index.php(37): CodeIgniter\CodeIgniter->run()
#6 C:\xampp\htdocs\UAS\system\Commands\Server\rewrite.php(43): require_once('C:\\xampp\\htdocs...')
#7 {main}
CRITICAL - 2022-07-14 14:57:08 --> Undefined variable: builder
#0 C:\xampp\htdocs\UAS\app\Models\Modeldatafilm.php(36): CodeIgniter\Debug\Exceptions->errorHandler(8, 'Undefined varia...', 'C:\\xampp\\htdocs...', 36, Array)
#1 C:\xampp\htdocs\UAS\app\Controllers\Film.php(65): App\Models\Modeldatafilm->get_delete('2020011')
#2 C:\xampp\htdocs\UAS\system\CodeIgniter.php(832): App\Controllers\Film->delete('2020011')
#3 C:\xampp\htdocs\UAS\system\CodeIgniter.php(419): CodeIgniter\CodeIgniter->runController(Object(App\Controllers\Film))
#4 C:\xampp\htdocs\UAS\system\CodeIgniter.php(326): CodeIgniter\CodeIgniter->handleRequest(NULL, Object(Config\Cache), false)
#5 C:\xampp\htdocs\UAS\public\index.php(37): CodeIgniter\CodeIgniter->run()
#6 C:\xampp\htdocs\UAS\system\Commands\Server\rewrite.php(43): require_once('C:\\xampp\\htdocs...')
#7 {main}
CRITICAL - 2022-07-14 14:57:09 --> Undefined variable: builder
#0 C:\xampp\htdocs\UAS\app\Models\Modeldatafilm.php(36): CodeIgniter\Debug\Exceptions->errorHandler(8, 'Undefined varia...', 'C:\\xampp\\htdocs...', 36, Array)
#1 C:\xampp\htdocs\UAS\app\Controllers\Film.php(65): App\Models\Modeldatafilm->get_delete('2020011')
#2 C:\xampp\htdocs\UAS\system\CodeIgniter.php(832): App\Controllers\Film->delete('2020011')
#3 C:\xampp\htdocs\UAS\system\CodeIgniter.php(419): CodeIgniter\CodeIgniter->runController(Object(App\Controllers\Film))
#4 C:\xampp\htdocs\UAS\system\CodeIgniter.php(326): CodeIgniter\CodeIgniter->handleRequest(NULL, Object(Config\Cache), false)
#5 C:\xampp\htdocs\UAS\public\index.php(37): CodeIgniter\CodeIgniter->run()
#6 C:\xampp\htdocs\UAS\system\Commands\Server\rewrite.php(43): require_once('C:\\xampp\\htdocs...')
#7 {main}
CRITICAL - 2022-07-14 14:58:31 --> Undefined variable: id
#0 C:\xampp\htdocs\UAS\app\Controllers\Film.php(61): CodeIgniter\Debug\Exceptions->errorHandler(8, 'Undefined varia...', 'C:\\xampp\\htdocs...', 61, Array)
#1 C:\xampp\htdocs\UAS\system\CodeIgniter.php(832): App\Controllers\Film->update('202001829')
#2 C:\xampp\htdocs\UAS\system\CodeIgniter.php(419): CodeIgniter\CodeIgniter->runController(Object(App\Controllers\Film))
#3 C:\xampp\htdocs\UAS\system\CodeIgniter.php(326): CodeIgniter\CodeIgniter->handleRequest(NULL, Object(Config\Cache), false)
#4 C:\xampp\htdocs\UAS\public\index.php(37): CodeIgniter\CodeIgniter->run()
#5 C:\xampp\htdocs\UAS\system\Commands\Server\rewrite.php(43): require_once('C:\\xampp\\htdocs...')
#6 {main}
CRITICAL - 2022-07-14 14:58:52 --> Too few arguments to function App\Models\Modeldatafilm::get_update(), 1 passed in C:\xampp\htdocs\UAS\app\Controllers\Film.php on line 61 and exactly 2 expected
#0 C:\xampp\htdocs\UAS\app\Controllers\Film.php(61): App\Models\Modeldatafilm->get_update(Array)
#1 C:\xampp\htdocs\UAS\system\CodeIgniter.php(832): App\Controllers\Film->update('202001829')
#2 C:\xampp\htdocs\UAS\system\CodeIgniter.php(419): CodeIgniter\CodeIgniter->runController(Object(App\Controllers\Film))
#3 C:\xampp\htdocs\UAS\system\CodeIgniter.php(326): CodeIgniter\CodeIgniter->handleRequest(NULL, Object(Config\Cache), false)
#4 C:\xampp\htdocs\UAS\public\index.php(37): CodeIgniter\CodeIgniter->run()
#5 C:\xampp\htdocs\UAS\system\Commands\Server\rewrite.php(43): require_once('C:\\xampp\\htdocs...')
#6 {main}
CRITICAL - 2022-07-14 14:59:04 --> Undefined variable: id
#0 C:\xampp\htdocs\UAS\app\Controllers\Film.php(61): CodeIgniter\Debug\Exceptions->errorHandler(8, 'Undefined varia...', 'C:\\xampp\\htdocs...', 61, Array)
#1 C:\xampp\htdocs\UAS\system\CodeIgniter.php(832): App\Controllers\Film->update('202001829')
#2 C:\xampp\htdocs\UAS\system\CodeIgniter.php(419): CodeIgniter\CodeIgniter->runController(Object(App\Controllers\Film))
#3 C:\xampp\htdocs\UAS\system\CodeIgniter.php(326): CodeIgniter\CodeIgniter->handleRequest(NULL, Object(Config\Cache), false)
#4 C:\xampp\htdocs\UAS\public\index.php(37): CodeIgniter\CodeIgniter->run()
#5 C:\xampp\htdocs\UAS\system\Commands\Server\rewrite.php(43): require_once('C:\\xampp\\htdocs...')
#6 {main}
