ERROR - 2022-05-18 06:17:59 --> Error connecting to the database: Access denied for user ''@'localhost' (using password: NO)
ERROR - 2022-05-18 06:18:46 --> Error connecting to the database: No connection could be made because the target machine actively refused it
ERROR - 2022-05-18 06:19:02 --> Error connecting to the database: No connection could be made because the target machine actively refused it
ERROR - 2022-05-18 06:19:27 --> Error connecting to the database: No connection could be made because the target machine actively refused it
ERROR - 2022-05-18 06:49:32 --> Duplicate entry '20201090' for key 'PRIMARY'
ERROR - 2022-05-18 06:49:59 --> Duplicate entry '20201090' for key 'PRIMARY'
CRITICAL - 2022-05-18 07:14:24 --> Undefined variable $film
#0 C:\xampp\htdocs\UAS\app\Views\Film\read.php(30): CodeIgniter\Debug\Exceptions->errorHandler(2, 'Undefined varia...', 'C:\\xampp\\htdocs...', 30)
#1 C:\xampp\htdocs\UAS\system\View\View.php(210): include('C:\\xampp\\htdocs...')
#2 C:\xampp\htdocs\UAS\system\View\View.php(213): CodeIgniter\View\View->CodeIgniter\View\{closure}()
#3 C:\xampp\htdocs\UAS\system\Common.php(1089): CodeIgniter\View\View->render('/Film/read', Array, true)
#4 C:\xampp\htdocs\UAS\app\Controllers\Film.php(15): view('/Film/read')
#5 C:\xampp\htdocs\UAS\system\CodeIgniter.php(832): App\Controllers\Film->read()
#6 C:\xampp\htdocs\UAS\system\CodeIgniter.php(419): CodeIgniter\CodeIgniter->runController(Object(App\Controllers\Film))
#7 C:\xampp\htdocs\UAS\system\CodeIgniter.php(326): CodeIgniter\CodeIgniter->handleRequest(NULL, Object(Config\Cache), false)
#8 C:\xampp\htdocs\UAS\public\index.php(37): CodeIgniter\CodeIgniter->run()
#9 C:\xampp\htdocs\UAS\system\Commands\Server\rewrite.php(43): require_once('C:\\xampp\\htdocs...')
#10 {main}
CRITICAL - 2022-05-18 07:14:42 --> Undefined variable $film
#0 C:\xampp\htdocs\UAS\app\Views\Film\read.php(30): CodeIgniter\Debug\Exceptions->errorHandler(2, 'Undefined varia...', 'C:\\xampp\\htdocs...', 30)
#1 C:\xampp\htdocs\UAS\system\View\View.php(210): include('C:\\xampp\\htdocs...')
#2 C:\xampp\htdocs\UAS\system\View\View.php(213): CodeIgniter\View\View->CodeIgniter\View\{closure}()
#3 C:\xampp\htdocs\UAS\system\Common.php(1089): CodeIgniter\View\View->render('/Film/read', Array, true)
#4 C:\xampp\htdocs\UAS\app\Controllers\Film.php(15): view('/Film/read')
#5 C:\xampp\htdocs\UAS\system\CodeIgniter.php(832): App\Controllers\Film->read()
#6 C:\xampp\htdocs\UAS\system\CodeIgniter.php(419): CodeIgniter\CodeIgniter->runController(Object(App\Controllers\Film))
#7 C:\xampp\htdocs\UAS\system\CodeIgniter.php(326): CodeIgniter\CodeIgniter->handleRequest(NULL, Object(Config\Cache), false)
#8 C:\xampp\htdocs\UAS\public\index.php(37): CodeIgniter\CodeIgniter->run()
#9 C:\xampp\htdocs\UAS\system\Commands\Server\rewrite.php(43): require_once('C:\\xampp\\htdocs...')
#10 {main}
CRITICAL - 2022-05-18 07:15:09 --> Undefined variable $Film
#0 C:\xampp\htdocs\UAS\app\Views\Film\read.php(30): CodeIgniter\Debug\Exceptions->errorHandler(2, 'Undefined varia...', 'C:\\xampp\\htdocs...', 30)
#1 C:\xampp\htdocs\UAS\system\View\View.php(210): include('C:\\xampp\\htdocs...')
#2 C:\xampp\htdocs\UAS\system\View\View.php(213): CodeIgniter\View\View->CodeIgniter\View\{closure}()
#3 C:\xampp\htdocs\UAS\system\Common.php(1089): CodeIgniter\View\View->render('/Film/read', Array, true)
#4 C:\xampp\htdocs\UAS\app\Controllers\Film.php(15): view('/Film/read')
#5 C:\xampp\htdocs\UAS\system\CodeIgniter.php(832): App\Controllers\Film->read()
#6 C:\xampp\htdocs\UAS\system\CodeIgniter.php(419): CodeIgniter\CodeIgniter->runController(Object(App\Controllers\Film))
#7 C:\xampp\htdocs\UAS\system\CodeIgniter.php(326): CodeIgniter\CodeIgniter->handleRequest(NULL, Object(Config\Cache), false)
#8 C:\xampp\htdocs\UAS\public\index.php(37): CodeIgniter\CodeIgniter->run()
#9 C:\xampp\htdocs\UAS\system\Commands\Server\rewrite.php(43): require_once('C:\\xampp\\htdocs...')
#10 {main}
CRITICAL - 2022-05-18 07:15:36 --> Undefined variable $HASIL
#0 C:\xampp\htdocs\UAS\app\Views\Film\read.php(30): CodeIgniter\Debug\Exceptions->errorHandler(2, 'Undefined varia...', 'C:\\xampp\\htdocs...', 30)
#1 C:\xampp\htdocs\UAS\system\View\View.php(210): include('C:\\xampp\\htdocs...')
#2 C:\xampp\htdocs\UAS\system\View\View.php(213): CodeIgniter\View\View->CodeIgniter\View\{closure}()
#3 C:\xampp\htdocs\UAS\system\Common.php(1089): CodeIgniter\View\View->render('/Film/read', Array, true)
#4 C:\xampp\htdocs\UAS\app\Controllers\Film.php(15): view('/Film/read')
#5 C:\xampp\htdocs\UAS\system\CodeIgniter.php(832): App\Controllers\Film->read()
#6 C:\xampp\htdocs\UAS\system\CodeIgniter.php(419): CodeIgniter\CodeIgniter->runController(Object(App\Controllers\Film))
#7 C:\xampp\htdocs\UAS\system\CodeIgniter.php(326): CodeIgniter\CodeIgniter->handleRequest(NULL, Object(Config\Cache), false)
#8 C:\xampp\htdocs\UAS\public\index.php(37): CodeIgniter\CodeIgniter->run()
#9 C:\xampp\htdocs\UAS\system\Commands\Server\rewrite.php(43): require_once('C:\\xampp\\htdocs...')
#10 {main}
CRITICAL - 2022-05-18 07:15:41 --> Undefined variable $HASIL
#0 C:\xampp\htdocs\UAS\app\Views\Film\read.php(30): CodeIgniter\Debug\Exceptions->errorHandler(2, 'Undefined varia...', 'C:\\xampp\\htdocs...', 30)
#1 C:\xampp\htdocs\UAS\system\View\View.php(210): include('C:\\xampp\\htdocs...')
#2 C:\xampp\htdocs\UAS\system\View\View.php(213): CodeIgniter\View\View->CodeIgniter\View\{closure}()
#3 C:\xampp\htdocs\UAS\system\Common.php(1089): CodeIgniter\View\View->render('/Film/read', Array, true)
#4 C:\xampp\htdocs\UAS\app\Controllers\Film.php(15): view('/Film/read')
#5 C:\xampp\htdocs\UAS\system\CodeIgniter.php(832): App\Controllers\Film->read()
#6 C:\xampp\htdocs\UAS\system\CodeIgniter.php(419): CodeIgniter\CodeIgniter->runController(Object(App\Controllers\Film))
#7 C:\xampp\htdocs\UAS\system\CodeIgniter.php(326): CodeIgniter\CodeIgniter->handleRequest(NULL, Object(Config\Cache), false)
#8 C:\xampp\htdocs\UAS\public\index.php(37): CodeIgniter\CodeIgniter->run()
#9 C:\xampp\htdocs\UAS\system\Commands\Server\rewrite.php(43): require_once('C:\\xampp\\htdocs...')
#10 {main}
CRITICAL - 2022-05-18 07:16:05 --> Undefined variable $hasil
#0 C:\xampp\htdocs\UAS\app\Views\Film\read.php(30): CodeIgniter\Debug\Exceptions->errorHandler(2, 'Undefined varia...', 'C:\\xampp\\htdocs...', 30)
#1 C:\xampp\htdocs\UAS\system\View\View.php(210): include('C:\\xampp\\htdocs...')
#2 C:\xampp\htdocs\UAS\system\View\View.php(213): CodeIgniter\View\View->CodeIgniter\View\{closure}()
#3 C:\xampp\htdocs\UAS\system\Common.php(1089): CodeIgniter\View\View->render('/Film/read', Array, true)
#4 C:\xampp\htdocs\UAS\app\Controllers\Film.php(15): view('/Film/read')
#5 C:\xampp\htdocs\UAS\system\CodeIgniter.php(832): App\Controllers\Film->read()
#6 C:\xampp\htdocs\UAS\system\CodeIgniter.php(419): CodeIgniter\CodeIgniter->runController(Object(App\Controllers\Film))
#7 C:\xampp\htdocs\UAS\system\CodeIgniter.php(326): CodeIgniter\CodeIgniter->handleRequest(NULL, Object(Config\Cache), false)
#8 C:\xampp\htdocs\UAS\public\index.php(37): CodeIgniter\CodeIgniter->run()
#9 C:\xampp\htdocs\UAS\system\Commands\Server\rewrite.php(43): require_once('C:\\xampp\\htdocs...')
#10 {main}
CRITICAL - 2022-05-18 07:17:41 --> Undefined variable $hasil
#0 C:\xampp\htdocs\UAS\app\Views\Film\read.php(30): CodeIgniter\Debug\Exceptions->errorHandler(2, 'Undefined varia...', 'C:\\xampp\\htdocs...', 30)
#1 C:\xampp\htdocs\UAS\system\View\View.php(210): include('C:\\xampp\\htdocs...')
#2 C:\xampp\htdocs\UAS\system\View\View.php(213): CodeIgniter\View\View->CodeIgniter\View\{closure}()
#3 C:\xampp\htdocs\UAS\system\Common.php(1089): CodeIgniter\View\View->render('/Film/read', Array, true)
#4 C:\xampp\htdocs\UAS\app\Controllers\Film.php(17): view('/Film/read')
#5 C:\xampp\htdocs\UAS\system\CodeIgniter.php(832): App\Controllers\Film->read()
#6 C:\xampp\htdocs\UAS\system\CodeIgniter.php(419): CodeIgniter\CodeIgniter->runController(Object(App\Controllers\Film))
#7 C:\xampp\htdocs\UAS\system\CodeIgniter.php(326): CodeIgniter\CodeIgniter->handleRequest(NULL, Object(Config\Cache), false)
#8 C:\xampp\htdocs\UAS\public\index.php(37): CodeIgniter\CodeIgniter->run()
#9 C:\xampp\htdocs\UAS\system\Commands\Server\rewrite.php(43): require_once('C:\\xampp\\htdocs...')
#10 {main}
CRITICAL - 2022-05-18 07:18:17 --> Undefined variable $Film
#0 C:\xampp\htdocs\UAS\app\Views\Film\read.php(30): CodeIgniter\Debug\Exceptions->errorHandler(2, 'Undefined varia...', 'C:\\xampp\\htdocs...', 30)
#1 C:\xampp\htdocs\UAS\system\View\View.php(210): include('C:\\xampp\\htdocs...')
#2 C:\xampp\htdocs\UAS\system\View\View.php(213): CodeIgniter\View\View->CodeIgniter\View\{closure}()
#3 C:\xampp\htdocs\UAS\system\Common.php(1089): CodeIgniter\View\View->render('/Film/read', Array, true)
#4 C:\xampp\htdocs\UAS\app\Controllers\Film.php(16): view('/Film/read')
#5 C:\xampp\htdocs\UAS\system\CodeIgniter.php(832): App\Controllers\Film->read()
#6 C:\xampp\htdocs\UAS\system\CodeIgniter.php(419): CodeIgniter\CodeIgniter->runController(Object(App\Controllers\Film))
#7 C:\xampp\htdocs\UAS\system\CodeIgniter.php(326): CodeIgniter\CodeIgniter->handleRequest(NULL, Object(Config\Cache), false)
#8 C:\xampp\htdocs\UAS\public\index.php(37): CodeIgniter\CodeIgniter->run()
#9 C:\xampp\htdocs\UAS\system\Commands\Server\rewrite.php(43): require_once('C:\\xampp\\htdocs...')
#10 {main}
CRITICAL - 2022-05-18 07:18:26 --> Undefined variable $Film
#0 C:\xampp\htdocs\UAS\app\Views\Film\read.php(30): CodeIgniter\Debug\Exceptions->errorHandler(2, 'Undefined varia...', 'C:\\xampp\\htdocs...', 30)
#1 C:\xampp\htdocs\UAS\system\View\View.php(210): include('C:\\xampp\\htdocs...')
#2 C:\xampp\htdocs\UAS\system\View\View.php(213): CodeIgniter\View\View->CodeIgniter\View\{closure}()
#3 C:\xampp\htdocs\UAS\system\Common.php(1089): CodeIgniter\View\View->render('/Film/read', Array, true)
#4 C:\xampp\htdocs\UAS\app\Controllers\Film.php(16): view('/Film/read')
#5 C:\xampp\htdocs\UAS\system\CodeIgniter.php(832): App\Controllers\Film->read()
#6 C:\xampp\htdocs\UAS\system\CodeIgniter.php(419): CodeIgniter\CodeIgniter->runController(Object(App\Controllers\Film))
#7 C:\xampp\htdocs\UAS\system\CodeIgniter.php(326): CodeIgniter\CodeIgniter->handleRequest(NULL, Object(Config\Cache), false)
#8 C:\xampp\htdocs\UAS\public\index.php(37): CodeIgniter\CodeIgniter->run()
#9 C:\xampp\htdocs\UAS\system\Commands\Server\rewrite.php(43): require_once('C:\\xampp\\htdocs...')
#10 {main}
CRITICAL - 2022-05-18 07:18:28 --> Undefined variable $Film
#0 C:\xampp\htdocs\UAS\app\Views\Film\read.php(30): CodeIgniter\Debug\Exceptions->errorHandler(2, 'Undefined varia...', 'C:\\xampp\\htdocs...', 30)
#1 C:\xampp\htdocs\UAS\system\View\View.php(210): include('C:\\xampp\\htdocs...')
#2 C:\xampp\htdocs\UAS\system\View\View.php(213): CodeIgniter\View\View->CodeIgniter\View\{closure}()
#3 C:\xampp\htdocs\UAS\system\Common.php(1089): CodeIgniter\View\View->render('/Film/read', Array, true)
#4 C:\xampp\htdocs\UAS\app\Controllers\Film.php(16): view('/Film/read')
#5 C:\xampp\htdocs\UAS\system\CodeIgniter.php(832): App\Controllers\Film->read()
#6 C:\xampp\htdocs\UAS\system\CodeIgniter.php(419): CodeIgniter\CodeIgniter->runController(Object(App\Controllers\Film))
#7 C:\xampp\htdocs\UAS\system\CodeIgniter.php(326): CodeIgniter\CodeIgniter->handleRequest(NULL, Object(Config\Cache), false)
#8 C:\xampp\htdocs\UAS\public\index.php(37): CodeIgniter\CodeIgniter->run()
#9 C:\xampp\htdocs\UAS\system\Commands\Server\rewrite.php(43): require_once('C:\\xampp\\htdocs...')
#10 {main}
CRITICAL - 2022-05-18 07:18:29 --> Undefined variable $Film
#0 C:\xampp\htdocs\UAS\app\Views\Film\read.php(30): CodeIgniter\Debug\Exceptions->errorHandler(2, 'Undefined varia...', 'C:\\xampp\\htdocs...', 30)
#1 C:\xampp\htdocs\UAS\system\View\View.php(210): include('C:\\xampp\\htdocs...')
#2 C:\xampp\htdocs\UAS\system\View\View.php(213): CodeIgniter\View\View->CodeIgniter\View\{closure}()
#3 C:\xampp\htdocs\UAS\system\Common.php(1089): CodeIgniter\View\View->render('/Film/read', Array, true)
#4 C:\xampp\htdocs\UAS\app\Controllers\Film.php(16): view('/Film/read')
#5 C:\xampp\htdocs\UAS\system\CodeIgniter.php(832): App\Controllers\Film->read()
#6 C:\xampp\htdocs\UAS\system\CodeIgniter.php(419): CodeIgniter\CodeIgniter->runController(Object(App\Controllers\Film))
#7 C:\xampp\htdocs\UAS\system\CodeIgniter.php(326): CodeIgniter\CodeIgniter->handleRequest(NULL, Object(Config\Cache), false)
#8 C:\xampp\htdocs\UAS\public\index.php(37): CodeIgniter\CodeIgniter->run()
#9 C:\xampp\htdocs\UAS\system\Commands\Server\rewrite.php(43): require_once('C:\\xampp\\htdocs...')
#10 {main}
CRITICAL - 2022-05-18 07:18:29 --> Undefined variable $Film
#0 C:\xampp\htdocs\UAS\app\Views\Film\read.php(30): CodeIgniter\Debug\Exceptions->errorHandler(2, 'Undefined varia...', 'C:\\xampp\\htdocs...', 30)
#1 C:\xampp\htdocs\UAS\system\View\View.php(210): include('C:\\xampp\\htdocs...')
#2 C:\xampp\htdocs\UAS\system\View\View.php(213): CodeIgniter\View\View->CodeIgniter\View\{closure}()
#3 C:\xampp\htdocs\UAS\system\Common.php(1089): CodeIgniter\View\View->render('/Film/read', Array, true)
#4 C:\xampp\htdocs\UAS\app\Controllers\Film.php(16): view('/Film/read')
#5 C:\xampp\htdocs\UAS\system\CodeIgniter.php(832): App\Controllers\Film->read()
#6 C:\xampp\htdocs\UAS\system\CodeIgniter.php(419): CodeIgniter\CodeIgniter->runController(Object(App\Controllers\Film))
#7 C:\xampp\htdocs\UAS\system\CodeIgniter.php(326): CodeIgniter\CodeIgniter->handleRequest(NULL, Object(Config\Cache), false)
#8 C:\xampp\htdocs\UAS\public\index.php(37): CodeIgniter\CodeIgniter->run()
#9 C:\xampp\htdocs\UAS\system\Commands\Server\rewrite.php(43): require_once('C:\\xampp\\htdocs...')
#10 {main}
CRITICAL - 2022-05-18 07:18:40 --> Undefined variable $film
#0 C:\xampp\htdocs\UAS\app\Views\Film\read.php(30): CodeIgniter\Debug\Exceptions->errorHandler(2, 'Undefined varia...', 'C:\\xampp\\htdocs...', 30)
#1 C:\xampp\htdocs\UAS\system\View\View.php(210): include('C:\\xampp\\htdocs...')
#2 C:\xampp\htdocs\UAS\system\View\View.php(213): CodeIgniter\View\View->CodeIgniter\View\{closure}()
#3 C:\xampp\htdocs\UAS\system\Common.php(1089): CodeIgniter\View\View->render('/Film/read', Array, true)
#4 C:\xampp\htdocs\UAS\app\Controllers\Film.php(16): view('/Film/read')
#5 C:\xampp\htdocs\UAS\system\CodeIgniter.php(832): App\Controllers\Film->read()
#6 C:\xampp\htdocs\UAS\system\CodeIgniter.php(419): CodeIgniter\CodeIgniter->runController(Object(App\Controllers\Film))
#7 C:\xampp\htdocs\UAS\system\CodeIgniter.php(326): CodeIgniter\CodeIgniter->handleRequest(NULL, Object(Config\Cache), false)
#8 C:\xampp\htdocs\UAS\public\index.php(37): CodeIgniter\CodeIgniter->run()
#9 C:\xampp\htdocs\UAS\system\Commands\Server\rewrite.php(43): require_once('C:\\xampp\\htdocs...')
#10 {main}
CRITICAL - 2022-05-18 07:19:20 --> Undefined variable $film
#0 C:\xampp\htdocs\UAS\app\Views\Film\read.php(29): CodeIgniter\Debug\Exceptions->errorHandler(2, 'Undefined varia...', 'C:\\xampp\\htdocs...', 29)
#1 C:\xampp\htdocs\UAS\system\View\View.php(210): include('C:\\xampp\\htdocs...')
#2 C:\xampp\htdocs\UAS\system\View\View.php(213): CodeIgniter\View\View->CodeIgniter\View\{closure}()
#3 C:\xampp\htdocs\UAS\system\Common.php(1089): CodeIgniter\View\View->render('/Film/read', Array, true)
#4 C:\xampp\htdocs\UAS\app\Controllers\Film.php(16): view('/Film/read')
#5 C:\xampp\htdocs\UAS\system\CodeIgniter.php(832): App\Controllers\Film->read()
#6 C:\xampp\htdocs\UAS\system\CodeIgniter.php(419): CodeIgniter\CodeIgniter->runController(Object(App\Controllers\Film))
#7 C:\xampp\htdocs\UAS\system\CodeIgniter.php(326): CodeIgniter\CodeIgniter->handleRequest(NULL, Object(Config\Cache), false)
#8 C:\xampp\htdocs\UAS\public\index.php(37): CodeIgniter\CodeIgniter->run()
#9 C:\xampp\htdocs\UAS\system\Commands\Server\rewrite.php(43): require_once('C:\\xampp\\htdocs...')
#10 {main}
CRITICAL - 2022-05-18 07:19:24 --> Undefined variable $film
#0 C:\xampp\htdocs\UAS\app\Views\Film\read.php(29): CodeIgniter\Debug\Exceptions->errorHandler(2, 'Undefined varia...', 'C:\\xampp\\htdocs...', 29)
#1 C:\xampp\htdocs\UAS\system\View\View.php(210): include('C:\\xampp\\htdocs...')
#2 C:\xampp\htdocs\UAS\system\View\View.php(213): CodeIgniter\View\View->CodeIgniter\View\{closure}()
#3 C:\xampp\htdocs\UAS\system\Common.php(1089): CodeIgniter\View\View->render('/Film/read', Array, true)
#4 C:\xampp\htdocs\UAS\app\Controllers\Film.php(16): view('/Film/read')
#5 C:\xampp\htdocs\UAS\system\CodeIgniter.php(832): App\Controllers\Film->read()
#6 C:\xampp\htdocs\UAS\system\CodeIgniter.php(419): CodeIgniter\CodeIgniter->runController(Object(App\Controllers\Film))
#7 C:\xampp\htdocs\UAS\system\CodeIgniter.php(326): CodeIgniter\CodeIgniter->handleRequest(NULL, Object(Config\Cache), false)
#8 C:\xampp\htdocs\UAS\public\index.php(37): CodeIgniter\CodeIgniter->run()
#9 C:\xampp\htdocs\UAS\system\Commands\Server\rewrite.php(43): require_once('C:\\xampp\\htdocs...')
#10 {main}
CRITICAL - 2022-05-18 07:20:00 --> Undefined variable $film
#0 C:\xampp\htdocs\UAS\app\Views\Film\read.php(29): CodeIgniter\Debug\Exceptions->errorHandler(2, 'Undefined varia...', 'C:\\xampp\\htdocs...', 29)
#1 C:\xampp\htdocs\UAS\system\View\View.php(210): include('C:\\xampp\\htdocs...')
#2 C:\xampp\htdocs\UAS\system\View\View.php(213): CodeIgniter\View\View->CodeIgniter\View\{closure}()
#3 C:\xampp\htdocs\UAS\system\Common.php(1089): CodeIgniter\View\View->render('/Film/read', Array, true)
#4 C:\xampp\htdocs\UAS\app\Controllers\Film.php(16): view('/Film/read')
#5 C:\xampp\htdocs\UAS\system\CodeIgniter.php(832): App\Controllers\Film->read()
#6 C:\xampp\htdocs\UAS\system\CodeIgniter.php(419): CodeIgniter\CodeIgniter->runController(Object(App\Controllers\Film))
#7 C:\xampp\htdocs\UAS\system\CodeIgniter.php(326): CodeIgniter\CodeIgniter->handleRequest(NULL, Object(Config\Cache), false)
#8 C:\xampp\htdocs\UAS\public\index.php(37): CodeIgniter\CodeIgniter->run()
#9 C:\xampp\htdocs\UAS\system\Commands\Server\rewrite.php(43): require_once('C:\\xampp\\htdocs...')
#10 {main}
CRITICAL - 2022-05-18 07:20:01 --> Undefined variable $film
#0 C:\xampp\htdocs\UAS\app\Views\Film\read.php(29): CodeIgniter\Debug\Exceptions->errorHandler(2, 'Undefined varia...', 'C:\\xampp\\htdocs...', 29)
#1 C:\xampp\htdocs\UAS\system\View\View.php(210): include('C:\\xampp\\htdocs...')
#2 C:\xampp\htdocs\UAS\system\View\View.php(213): CodeIgniter\View\View->CodeIgniter\View\{closure}()
#3 C:\xampp\htdocs\UAS\system\Common.php(1089): CodeIgniter\View\View->render('/Film/read', Array, true)
#4 C:\xampp\htdocs\UAS\app\Controllers\Film.php(16): view('/Film/read')
#5 C:\xampp\htdocs\UAS\system\CodeIgniter.php(832): App\Controllers\Film->read()
#6 C:\xampp\htdocs\UAS\system\CodeIgniter.php(419): CodeIgniter\CodeIgniter->runController(Object(App\Controllers\Film))
#7 C:\xampp\htdocs\UAS\system\CodeIgniter.php(326): CodeIgniter\CodeIgniter->handleRequest(NULL, Object(Config\Cache), false)
#8 C:\xampp\htdocs\UAS\public\index.php(37): CodeIgniter\CodeIgniter->run()
#9 C:\xampp\htdocs\UAS\system\Commands\Server\rewrite.php(43): require_once('C:\\xampp\\htdocs...')
#10 {main}
CRITICAL - 2022-05-18 07:21:05 --> Undefined property: stdClass::$lama_tayang
#0 C:\xampp\htdocs\UAS\app\Views\Film\read.php(35): CodeIgniter\Debug\Exceptions->errorHandler(2, 'Undefined prope...', 'C:\\xampp\\htdocs...', 35)
#1 C:\xampp\htdocs\UAS\system\View\View.php(210): include('C:\\xampp\\htdocs...')
#2 C:\xampp\htdocs\UAS\system\View\View.php(213): CodeIgniter\View\View->CodeIgniter\View\{closure}()
#3 C:\xampp\htdocs\UAS\system\Common.php(1089): CodeIgniter\View\View->render('/Film/read', Array, true)
#4 C:\xampp\htdocs\UAS\app\Controllers\Film.php(16): view('/Film/read', Array)
#5 C:\xampp\htdocs\UAS\system\CodeIgniter.php(832): App\Controllers\Film->read()
#6 C:\xampp\htdocs\UAS\system\CodeIgniter.php(419): CodeIgniter\CodeIgniter->runController(Object(App\Controllers\Film))
#7 C:\xampp\htdocs\UAS\system\CodeIgniter.php(326): CodeIgniter\CodeIgniter->handleRequest(NULL, Object(Config\Cache), false)
#8 C:\xampp\htdocs\UAS\public\index.php(37): CodeIgniter\CodeIgniter->run()
#9 C:\xampp\htdocs\UAS\system\Commands\Server\rewrite.php(43): require_once('C:\\xampp\\htdocs...')
#10 {main}
ERROR - 2022-05-18 07:44:12 --> Unknown column 'created_at' in 'field list'
CRITICAL - 2022-05-18 07:44:12 --> Unknown column 'created_at' in 'field list'
#0 C:\xampp\htdocs\UAS\system\Database\MySQLi\Connection.php(292): mysqli->query('INSERT INTO `Da...', 0)
#1 C:\xampp\htdocs\UAS\system\Database\BaseConnection.php(670): CodeIgniter\Database\MySQLi\Connection->execute('INSERT INTO `Da...')
#2 C:\xampp\htdocs\UAS\system\Database\BaseConnection.php(598): CodeIgniter\Database\BaseConnection->simpleQuery('INSERT INTO `Da...')
#3 C:\xampp\htdocs\UAS\system\Database\BaseBuilder.php(1771): CodeIgniter\Database\BaseConnection->query('INSERT INTO `Da...', Array, false)
#4 C:\xampp\htdocs\UAS\system\Model.php(239): CodeIgniter\Database\BaseBuilder->insert()
#5 C:\xampp\htdocs\UAS\system\BaseModel.php(738): CodeIgniter\Model->doInsert(Array)
#6 C:\xampp\htdocs\UAS\system\Model.php(625): CodeIgniter\BaseModel->insert(Array, true)
#7 C:\xampp\htdocs\UAS\app\Controllers\Film.php(29): CodeIgniter\Model->insert(Array)
#8 C:\xampp\htdocs\UAS\system\CodeIgniter.php(832): App\Controllers\Film->store()
#9 C:\xampp\htdocs\UAS\system\CodeIgniter.php(419): CodeIgniter\CodeIgniter->runController(Object(App\Controllers\Film))
#10 C:\xampp\htdocs\UAS\system\CodeIgniter.php(326): CodeIgniter\CodeIgniter->handleRequest(NULL, Object(Config\Cache), false)
#11 C:\xampp\htdocs\UAS\public\index.php(37): CodeIgniter\CodeIgniter->run()
#12 C:\xampp\htdocs\UAS\system\Commands\Server\rewrite.php(43): require_once('C:\\xampp\\htdocs...')
#13 {main}
ERROR - 2022-05-18 07:44:53 --> Unknown column 'created_at' in 'field list'
CRITICAL - 2022-05-18 07:44:53 --> Unknown column 'created_at' in 'field list'
#0 C:\xampp\htdocs\UAS\system\Database\MySQLi\Connection.php(292): mysqli->query('INSERT INTO `Da...', 0)
#1 C:\xampp\htdocs\UAS\system\Database\BaseConnection.php(670): CodeIgniter\Database\MySQLi\Connection->execute('INSERT INTO `Da...')
#2 C:\xampp\htdocs\UAS\system\Database\BaseConnection.php(598): CodeIgniter\Database\BaseConnection->simpleQuery('INSERT INTO `Da...')
#3 C:\xampp\htdocs\UAS\system\Database\BaseBuilder.php(1771): CodeIgniter\Database\BaseConnection->query('INSERT INTO `Da...', Array, false)
#4 C:\xampp\htdocs\UAS\system\Model.php(239): CodeIgniter\Database\BaseBuilder->insert()
#5 C:\xampp\htdocs\UAS\system\BaseModel.php(738): CodeIgniter\Model->doInsert(Array)
#6 C:\xampp\htdocs\UAS\system\Model.php(625): CodeIgniter\BaseModel->insert(Array, true)
#7 C:\xampp\htdocs\UAS\app\Controllers\Film.php(29): CodeIgniter\Model->insert(Array)
#8 C:\xampp\htdocs\UAS\system\CodeIgniter.php(832): App\Controllers\Film->store()
#9 C:\xampp\htdocs\UAS\system\CodeIgniter.php(419): CodeIgniter\CodeIgniter->runController(Object(App\Controllers\Film))
#10 C:\xampp\htdocs\UAS\system\CodeIgniter.php(326): CodeIgniter\CodeIgniter->handleRequest(NULL, Object(Config\Cache), false)
#11 C:\xampp\htdocs\UAS\public\index.php(37): CodeIgniter\CodeIgniter->run()
#12 C:\xampp\htdocs\UAS\system\Commands\Server\rewrite.php(43): require_once('C:\\xampp\\htdocs...')
#13 {main}
ERROR - 2022-05-18 07:46:21 --> Unknown column 'created_at' in 'field list'
CRITICAL - 2022-05-18 07:46:21 --> Unknown column 'created_at' in 'field list'
#0 C:\xampp\htdocs\UAS\system\Database\MySQLi\Connection.php(292): mysqli->query('INSERT INTO `Da...', 0)
#1 C:\xampp\htdocs\UAS\system\Database\BaseConnection.php(670): CodeIgniter\Database\MySQLi\Connection->execute('INSERT INTO `Da...')
#2 C:\xampp\htdocs\UAS\system\Database\BaseConnection.php(598): CodeIgniter\Database\BaseConnection->simpleQuery('INSERT INTO `Da...')
#3 C:\xampp\htdocs\UAS\system\Database\BaseBuilder.php(1771): CodeIgniter\Database\BaseConnection->query('INSERT INTO `Da...', Array, false)
#4 C:\xampp\htdocs\UAS\system\Model.php(239): CodeIgniter\Database\BaseBuilder->insert()
#5 C:\xampp\htdocs\UAS\system\BaseModel.php(738): CodeIgniter\Model->doInsert(Array)
#6 C:\xampp\htdocs\UAS\system\Model.php(625): CodeIgniter\BaseModel->insert(Array, true)
#7 C:\xampp\htdocs\UAS\app\Controllers\Film.php(29): CodeIgniter\Model->insert(Array)
#8 C:\xampp\htdocs\UAS\system\CodeIgniter.php(832): App\Controllers\Film->store()
#9 C:\xampp\htdocs\UAS\system\CodeIgniter.php(419): CodeIgniter\CodeIgniter->runController(Object(App\Controllers\Film))
#10 C:\xampp\htdocs\UAS\system\CodeIgniter.php(326): CodeIgniter\CodeIgniter->handleRequest(NULL, Object(Config\Cache), false)
#11 C:\xampp\htdocs\UAS\public\index.php(37): CodeIgniter\CodeIgniter->run()
#12 C:\xampp\htdocs\UAS\system\Commands\Server\rewrite.php(43): require_once('C:\\xampp\\htdocs...')
#13 {main}
ERROR - 2022-05-18 07:47:46 --> Unknown column 'created_at' in 'field list'
CRITICAL - 2022-05-18 07:47:46 --> Unknown column 'created_at' in 'field list'
#0 C:\xampp\htdocs\UAS\system\Database\MySQLi\Connection.php(292): mysqli->query('INSERT INTO `Da...', 0)
#1 C:\xampp\htdocs\UAS\system\Database\BaseConnection.php(670): CodeIgniter\Database\MySQLi\Connection->execute('INSERT INTO `Da...')
#2 C:\xampp\htdocs\UAS\system\Database\BaseConnection.php(598): CodeIgniter\Database\BaseConnection->simpleQuery('INSERT INTO `Da...')
#3 C:\xampp\htdocs\UAS\system\Database\BaseBuilder.php(1771): CodeIgniter\Database\BaseConnection->query('INSERT INTO `Da...', Array, false)
#4 C:\xampp\htdocs\UAS\system\Model.php(239): CodeIgniter\Database\BaseBuilder->insert()
#5 C:\xampp\htdocs\UAS\system\BaseModel.php(738): CodeIgniter\Model->doInsert(Array)
#6 C:\xampp\htdocs\UAS\system\Model.php(625): CodeIgniter\BaseModel->insert(Array, true)
#7 C:\xampp\htdocs\UAS\app\Controllers\Film.php(29): CodeIgniter\Model->insert(Array)
#8 C:\xampp\htdocs\UAS\system\CodeIgniter.php(832): App\Controllers\Film->store()
#9 C:\xampp\htdocs\UAS\system\CodeIgniter.php(419): CodeIgniter\CodeIgniter->runController(Object(App\Controllers\Film))
#10 C:\xampp\htdocs\UAS\system\CodeIgniter.php(326): CodeIgniter\CodeIgniter->handleRequest(NULL, Object(Config\Cache), false)
#11 C:\xampp\htdocs\UAS\public\index.php(37): CodeIgniter\CodeIgniter->run()
#12 C:\xampp\htdocs\UAS\system\Commands\Server\rewrite.php(43): require_once('C:\\xampp\\htdocs...')
#13 {main}
ERROR - 2022-05-18 07:49:01 --> Unknown column 'created_at' in 'field list'
CRITICAL - 2022-05-18 07:49:01 --> Unknown column 'created_at' in 'field list'
#0 C:\xampp\htdocs\UAS\system\Database\MySQLi\Connection.php(292): mysqli->query('INSERT INTO `Da...', 0)
#1 C:\xampp\htdocs\UAS\system\Database\BaseConnection.php(670): CodeIgniter\Database\MySQLi\Connection->execute('INSERT INTO `Da...')
#2 C:\xampp\htdocs\UAS\system\Database\BaseConnection.php(598): CodeIgniter\Database\BaseConnection->simpleQuery('INSERT INTO `Da...')
#3 C:\xampp\htdocs\UAS\system\Database\BaseBuilder.php(1771): CodeIgniter\Database\BaseConnection->query('INSERT INTO `Da...', Array, false)
#4 C:\xampp\htdocs\UAS\system\Model.php(239): CodeIgniter\Database\BaseBuilder->insert()
#5 C:\xampp\htdocs\UAS\system\BaseModel.php(738): CodeIgniter\Model->doInsert(Array)
#6 C:\xampp\htdocs\UAS\system\Model.php(625): CodeIgniter\BaseModel->insert(Array, true)
#7 C:\xampp\htdocs\UAS\app\Controllers\Film.php(29): CodeIgniter\Model->insert(Array)
#8 C:\xampp\htdocs\UAS\system\CodeIgniter.php(832): App\Controllers\Film->store()
#9 C:\xampp\htdocs\UAS\system\CodeIgniter.php(419): CodeIgniter\CodeIgniter->runController(Object(App\Controllers\Film))
#10 C:\xampp\htdocs\UAS\system\CodeIgniter.php(326): CodeIgniter\CodeIgniter->handleRequest(NULL, Object(Config\Cache), false)
#11 C:\xampp\htdocs\UAS\public\index.php(37): CodeIgniter\CodeIgniter->run()
#12 C:\xampp\htdocs\UAS\system\Commands\Server\rewrite.php(43): require_once('C:\\xampp\\htdocs...')
#13 {main}
ERROR - 2022-05-18 07:53:33 --> Unknown column 'created_at' in 'field list'
CRITICAL - 2022-05-18 07:53:33 --> Unknown column 'created_at' in 'field list'
#0 C:\xampp\htdocs\UAS\system\Database\MySQLi\Connection.php(292): mysqli->query('INSERT INTO `Da...', 0)
#1 C:\xampp\htdocs\UAS\system\Database\BaseConnection.php(670): CodeIgniter\Database\MySQLi\Connection->execute('INSERT INTO `Da...')
#2 C:\xampp\htdocs\UAS\system\Database\BaseConnection.php(598): CodeIgniter\Database\BaseConnection->simpleQuery('INSERT INTO `Da...')
#3 C:\xampp\htdocs\UAS\system\Database\BaseBuilder.php(1771): CodeIgniter\Database\BaseConnection->query('INSERT INTO `Da...', Array, false)
#4 C:\xampp\htdocs\UAS\system\Model.php(239): CodeIgniter\Database\BaseBuilder->insert()
#5 C:\xampp\htdocs\UAS\system\BaseModel.php(738): CodeIgniter\Model->doInsert(Array)
#6 C:\xampp\htdocs\UAS\system\Model.php(625): CodeIgniter\BaseModel->insert(Array, true)
#7 C:\xampp\htdocs\UAS\app\Controllers\Film.php(29): CodeIgniter\Model->insert(Array)
#8 C:\xampp\htdocs\UAS\system\CodeIgniter.php(832): App\Controllers\Film->store()
#9 C:\xampp\htdocs\UAS\system\CodeIgniter.php(419): CodeIgniter\CodeIgniter->runController(Object(App\Controllers\Film))
#10 C:\xampp\htdocs\UAS\system\CodeIgniter.php(326): CodeIgniter\CodeIgniter->handleRequest(NULL, Object(Config\Cache), false)
#11 C:\xampp\htdocs\UAS\public\index.php(37): CodeIgniter\CodeIgniter->run()
#12 C:\xampp\htdocs\UAS\system\Commands\Server\rewrite.php(43): require_once('C:\\xampp\\htdocs...')
#13 {main}
ERROR - 2022-05-18 07:53:56 --> Unknown column 'created_at' in 'field list'
CRITICAL - 2022-05-18 07:53:56 --> Unknown column 'created_at' in 'field list'
#0 C:\xampp\htdocs\UAS\system\Database\MySQLi\Connection.php(292): mysqli->query('INSERT INTO `Da...', 0)
#1 C:\xampp\htdocs\UAS\system\Database\BaseConnection.php(670): CodeIgniter\Database\MySQLi\Connection->execute('INSERT INTO `Da...')
#2 C:\xampp\htdocs\UAS\system\Database\BaseConnection.php(598): CodeIgniter\Database\BaseConnection->simpleQuery('INSERT INTO `Da...')
#3 C:\xampp\htdocs\UAS\system\Database\BaseBuilder.php(1771): CodeIgniter\Database\BaseConnection->query('INSERT INTO `Da...', Array, false)
#4 C:\xampp\htdocs\UAS\system\Model.php(239): CodeIgniter\Database\BaseBuilder->insert()
#5 C:\xampp\htdocs\UAS\system\BaseModel.php(738): CodeIgniter\Model->doInsert(Array)
#6 C:\xampp\htdocs\UAS\system\Model.php(625): CodeIgniter\BaseModel->insert(Array, true)
#7 C:\xampp\htdocs\UAS\app\Controllers\Film.php(29): CodeIgniter\Model->insert(Array)
#8 C:\xampp\htdocs\UAS\system\CodeIgniter.php(832): App\Controllers\Film->store()
#9 C:\xampp\htdocs\UAS\system\CodeIgniter.php(419): CodeIgniter\CodeIgniter->runController(Object(App\Controllers\Film))
#10 C:\xampp\htdocs\UAS\system\CodeIgniter.php(326): CodeIgniter\CodeIgniter->handleRequest(NULL, Object(Config\Cache), false)
#11 C:\xampp\htdocs\UAS\public\index.php(37): CodeIgniter\CodeIgniter->run()
#12 C:\xampp\htdocs\UAS\system\Commands\Server\rewrite.php(43): require_once('C:\\xampp\\htdocs...')
#13 {main}
ERROR - 2022-05-18 07:54:07 --> Unknown column 'created_at' in 'field list'
CRITICAL - 2022-05-18 07:54:07 --> Unknown column 'created_at' in 'field list'
#0 C:\xampp\htdocs\UAS\system\Database\MySQLi\Connection.php(292): mysqli->query('INSERT INTO `Da...', 0)
#1 C:\xampp\htdocs\UAS\system\Database\BaseConnection.php(670): CodeIgniter\Database\MySQLi\Connection->execute('INSERT INTO `Da...')
#2 C:\xampp\htdocs\UAS\system\Database\BaseConnection.php(598): CodeIgniter\Database\BaseConnection->simpleQuery('INSERT INTO `Da...')
#3 C:\xampp\htdocs\UAS\system\Database\BaseBuilder.php(1771): CodeIgniter\Database\BaseConnection->query('INSERT INTO `Da...', Array, false)
#4 C:\xampp\htdocs\UAS\system\Model.php(239): CodeIgniter\Database\BaseBuilder->insert()
#5 C:\xampp\htdocs\UAS\system\BaseModel.php(738): CodeIgniter\Model->doInsert(Array)
#6 C:\xampp\htdocs\UAS\system\Model.php(625): CodeIgniter\BaseModel->insert(Array, true)
#7 C:\xampp\htdocs\UAS\app\Controllers\Film.php(29): CodeIgniter\Model->insert(Array)
#8 C:\xampp\htdocs\UAS\system\CodeIgniter.php(832): App\Controllers\Film->store()
#9 C:\xampp\htdocs\UAS\system\CodeIgniter.php(419): CodeIgniter\CodeIgniter->runController(Object(App\Controllers\Film))
#10 C:\xampp\htdocs\UAS\system\CodeIgniter.php(326): CodeIgniter\CodeIgniter->handleRequest(NULL, Object(Config\Cache), false)
#11 C:\xampp\htdocs\UAS\public\index.php(37): CodeIgniter\CodeIgniter->run()
#12 C:\xampp\htdocs\UAS\system\Commands\Server\rewrite.php(43): require_once('C:\\xampp\\htdocs...')
#13 {main}
ERROR - 2022-05-18 07:55:20 --> Unknown column 'created_at' in 'field list'
CRITICAL - 2022-05-18 07:55:20 --> Unknown column 'created_at' in 'field list'
#0 C:\xampp\htdocs\UAS\system\Database\MySQLi\Connection.php(292): mysqli->query('INSERT INTO `Da...', 0)
#1 C:\xampp\htdocs\UAS\system\Database\BaseConnection.php(670): CodeIgniter\Database\MySQLi\Connection->execute('INSERT INTO `Da...')
#2 C:\xampp\htdocs\UAS\system\Database\BaseConnection.php(598): CodeIgniter\Database\BaseConnection->simpleQuery('INSERT INTO `Da...')
#3 C:\xampp\htdocs\UAS\system\Database\BaseBuilder.php(1771): CodeIgniter\Database\BaseConnection->query('INSERT INTO `Da...', Array, false)
#4 C:\xampp\htdocs\UAS\system\Model.php(239): CodeIgniter\Database\BaseBuilder->insert()
#5 C:\xampp\htdocs\UAS\system\BaseModel.php(738): CodeIgniter\Model->doInsert(Array)
#6 C:\xampp\htdocs\UAS\system\Model.php(625): CodeIgniter\BaseModel->insert(Array, true)
#7 C:\xampp\htdocs\UAS\app\Controllers\Film.php(29): CodeIgniter\Model->insert(Array)
#8 C:\xampp\htdocs\UAS\system\CodeIgniter.php(832): App\Controllers\Film->store()
#9 C:\xampp\htdocs\UAS\system\CodeIgniter.php(419): CodeIgniter\CodeIgniter->runController(Object(App\Controllers\Film))
#10 C:\xampp\htdocs\UAS\system\CodeIgniter.php(326): CodeIgniter\CodeIgniter->handleRequest(NULL, Object(Config\Cache), false)
#11 C:\xampp\htdocs\UAS\public\index.php(37): CodeIgniter\CodeIgniter->run()
#12 C:\xampp\htdocs\UAS\system\Commands\Server\rewrite.php(43): require_once('C:\\xampp\\htdocs...')
#13 {main}
ERROR - 2022-05-18 07:56:33 --> Unknown column 'created_at' in 'field list'
CRITICAL - 2022-05-18 07:56:33 --> Unknown column 'created_at' in 'field list'
#0 C:\xampp\htdocs\UAS\system\Database\MySQLi\Connection.php(292): mysqli->query('INSERT INTO `Da...', 0)
#1 C:\xampp\htdocs\UAS\system\Database\BaseConnection.php(670): CodeIgniter\Database\MySQLi\Connection->execute('INSERT INTO `Da...')
#2 C:\xampp\htdocs\UAS\system\Database\BaseConnection.php(598): CodeIgniter\Database\BaseConnection->simpleQuery('INSERT INTO `Da...')
#3 C:\xampp\htdocs\UAS\system\Database\BaseBuilder.php(1771): CodeIgniter\Database\BaseConnection->query('INSERT INTO `Da...', Array, false)
#4 C:\xampp\htdocs\UAS\system\Model.php(239): CodeIgniter\Database\BaseBuilder->insert()
#5 C:\xampp\htdocs\UAS\system\BaseModel.php(738): CodeIgniter\Model->doInsert(Array)
#6 C:\xampp\htdocs\UAS\system\Model.php(625): CodeIgniter\BaseModel->insert(Array, true)
#7 C:\xampp\htdocs\UAS\app\Controllers\Film.php(29): CodeIgniter\Model->insert(Array)
#8 C:\xampp\htdocs\UAS\system\CodeIgniter.php(832): App\Controllers\Film->store()
#9 C:\xampp\htdocs\UAS\system\CodeIgniter.php(419): CodeIgniter\CodeIgniter->runController(Object(App\Controllers\Film))
#10 C:\xampp\htdocs\UAS\system\CodeIgniter.php(326): CodeIgniter\CodeIgniter->handleRequest(NULL, Object(Config\Cache), false)
#11 C:\xampp\htdocs\UAS\public\index.php(37): CodeIgniter\CodeIgniter->run()
#12 C:\xampp\htdocs\UAS\system\Commands\Server\rewrite.php(43): require_once('C:\\xampp\\htdocs...')
#13 {main}
ERROR - 2022-05-18 07:59:21 --> Unknown column 'created_at' in 'field list'
CRITICAL - 2022-05-18 07:59:21 --> Unknown column 'created_at' in 'field list'
#0 C:\xampp\htdocs\UAS\system\Database\MySQLi\Connection.php(292): mysqli->query('INSERT INTO `Da...', 0)
#1 C:\xampp\htdocs\UAS\system\Database\BaseConnection.php(670): CodeIgniter\Database\MySQLi\Connection->execute('INSERT INTO `Da...')
#2 C:\xampp\htdocs\UAS\system\Database\BaseConnection.php(598): CodeIgniter\Database\BaseConnection->simpleQuery('INSERT INTO `Da...')
#3 C:\xampp\htdocs\UAS\system\Database\BaseBuilder.php(1771): CodeIgniter\Database\BaseConnection->query('INSERT INTO `Da...', Array, false)
#4 C:\xampp\htdocs\UAS\system\Model.php(239): CodeIgniter\Database\BaseBuilder->insert()
#5 C:\xampp\htdocs\UAS\system\BaseModel.php(738): CodeIgniter\Model->doInsert(Array)
#6 C:\xampp\htdocs\UAS\system\Model.php(625): CodeIgniter\BaseModel->insert(Array, true)
#7 C:\xampp\htdocs\UAS\app\Controllers\Film.php(29): CodeIgniter\Model->insert(Array)
#8 C:\xampp\htdocs\UAS\system\CodeIgniter.php(832): App\Controllers\Film->store()
#9 C:\xampp\htdocs\UAS\system\CodeIgniter.php(419): CodeIgniter\CodeIgniter->runController(Object(App\Controllers\Film))
#10 C:\xampp\htdocs\UAS\system\CodeIgniter.php(326): CodeIgniter\CodeIgniter->handleRequest(NULL, Object(Config\Cache), false)
#11 C:\xampp\htdocs\UAS\public\index.php(37): CodeIgniter\CodeIgniter->run()
#12 C:\xampp\htdocs\UAS\system\Commands\Server\rewrite.php(43): require_once('C:\\xampp\\htdocs...')
#13 {main}
ERROR - 2022-05-18 08:00:02 --> Unknown column 'created_at' in 'field list'
CRITICAL - 2022-05-18 08:00:02 --> Unknown column 'created_at' in 'field list'
#0 C:\xampp\htdocs\UAS\system\Database\MySQLi\Connection.php(292): mysqli->query('INSERT INTO `Da...', 0)
#1 C:\xampp\htdocs\UAS\system\Database\BaseConnection.php(670): CodeIgniter\Database\MySQLi\Connection->execute('INSERT INTO `Da...')
#2 C:\xampp\htdocs\UAS\system\Database\BaseConnection.php(598): CodeIgniter\Database\BaseConnection->simpleQuery('INSERT INTO `Da...')
#3 C:\xampp\htdocs\UAS\system\Database\BaseBuilder.php(1771): CodeIgniter\Database\BaseConnection->query('INSERT INTO `Da...', Array, false)
#4 C:\xampp\htdocs\UAS\system\Model.php(239): CodeIgniter\Database\BaseBuilder->insert()
#5 C:\xampp\htdocs\UAS\system\BaseModel.php(738): CodeIgniter\Model->doInsert(Array)
#6 C:\xampp\htdocs\UAS\system\Model.php(625): CodeIgniter\BaseModel->insert(Array, true)
#7 C:\xampp\htdocs\UAS\app\Controllers\Film.php(29): CodeIgniter\Model->insert(Array)
#8 C:\xampp\htdocs\UAS\system\CodeIgniter.php(832): App\Controllers\Film->store()
#9 C:\xampp\htdocs\UAS\system\CodeIgniter.php(419): CodeIgniter\CodeIgniter->runController(Object(App\Controllers\Film))
#10 C:\xampp\htdocs\UAS\system\CodeIgniter.php(326): CodeIgniter\CodeIgniter->handleRequest(NULL, Object(Config\Cache), false)
#11 C:\xampp\htdocs\UAS\public\index.php(37): CodeIgniter\CodeIgniter->run()
#12 C:\xampp\htdocs\UAS\system\Commands\Server\rewrite.php(43): require_once('C:\\xampp\\htdocs...')
#13 {main}
ERROR - 2022-05-18 08:00:26 --> Unknown column 'created_at' in 'field list'
CRITICAL - 2022-05-18 08:00:26 --> Unknown column 'created_at' in 'field list'
#0 C:\xampp\htdocs\UAS\system\Database\MySQLi\Connection.php(292): mysqli->query('INSERT INTO `Da...', 0)
#1 C:\xampp\htdocs\UAS\system\Database\BaseConnection.php(670): CodeIgniter\Database\MySQLi\Connection->execute('INSERT INTO `Da...')
#2 C:\xampp\htdocs\UAS\system\Database\BaseConnection.php(598): CodeIgniter\Database\BaseConnection->simpleQuery('INSERT INTO `Da...')
#3 C:\xampp\htdocs\UAS\system\Database\BaseBuilder.php(1771): CodeIgniter\Database\BaseConnection->query('INSERT INTO `Da...', Array, false)
#4 C:\xampp\htdocs\UAS\system\Model.php(239): CodeIgniter\Database\BaseBuilder->insert()
#5 C:\xampp\htdocs\UAS\system\BaseModel.php(738): CodeIgniter\Model->doInsert(Array)
#6 C:\xampp\htdocs\UAS\system\Model.php(625): CodeIgniter\BaseModel->insert(Array, true)
#7 C:\xampp\htdocs\UAS\app\Controllers\Film.php(29): CodeIgniter\Model->insert(Array)
#8 C:\xampp\htdocs\UAS\system\CodeIgniter.php(832): App\Controllers\Film->store()
#9 C:\xampp\htdocs\UAS\system\CodeIgniter.php(419): CodeIgniter\CodeIgniter->runController(Object(App\Controllers\Film))
#10 C:\xampp\htdocs\UAS\system\CodeIgniter.php(326): CodeIgniter\CodeIgniter->handleRequest(NULL, Object(Config\Cache), false)
#11 C:\xampp\htdocs\UAS\public\index.php(37): CodeIgniter\CodeIgniter->run()
#12 C:\xampp\htdocs\UAS\system\Commands\Server\rewrite.php(43): require_once('C:\\xampp\\htdocs...')
#13 {main}
ERROR - 2022-05-18 08:05:06 --> Unknown column 'created_at' in 'field list'
CRITICAL - 2022-05-18 08:05:06 --> Unknown column 'created_at' in 'field list'
#0 C:\xampp\htdocs\UAS\system\Database\MySQLi\Connection.php(292): mysqli->query('INSERT INTO `Da...', 0)
#1 C:\xampp\htdocs\UAS\system\Database\BaseConnection.php(670): CodeIgniter\Database\MySQLi\Connection->execute('INSERT INTO `Da...')
#2 C:\xampp\htdocs\UAS\system\Database\BaseConnection.php(598): CodeIgniter\Database\BaseConnection->simpleQuery('INSERT INTO `Da...')
#3 C:\xampp\htdocs\UAS\system\Database\BaseBuilder.php(1771): CodeIgniter\Database\BaseConnection->query('INSERT INTO `Da...', Array, false)
#4 C:\xampp\htdocs\UAS\system\Model.php(239): CodeIgniter\Database\BaseBuilder->insert()
#5 C:\xampp\htdocs\UAS\system\BaseModel.php(738): CodeIgniter\Model->doInsert(Array)
#6 C:\xampp\htdocs\UAS\system\Model.php(625): CodeIgniter\BaseModel->insert(Array, true)
#7 C:\xampp\htdocs\UAS\app\Controllers\Film.php(29): CodeIgniter\Model->insert(Array)
#8 C:\xampp\htdocs\UAS\system\CodeIgniter.php(832): App\Controllers\Film->store()
#9 C:\xampp\htdocs\UAS\system\CodeIgniter.php(419): CodeIgniter\CodeIgniter->runController(Object(App\Controllers\Film))
#10 C:\xampp\htdocs\UAS\system\CodeIgniter.php(326): CodeIgniter\CodeIgniter->handleRequest(NULL, Object(Config\Cache), false)
#11 C:\xampp\htdocs\UAS\public\index.php(37): CodeIgniter\CodeIgniter->run()
#12 C:\xampp\htdocs\UAS\system\Commands\Server\rewrite.php(43): require_once('C:\\xampp\\htdocs...')
#13 {main}
ERROR - 2022-05-18 08:05:37 --> Unknown column 'created_at' in 'field list'
CRITICAL - 2022-05-18 08:05:37 --> Unknown column 'created_at' in 'field list'
#0 C:\xampp\htdocs\UAS\system\Database\MySQLi\Connection.php(292): mysqli->query('INSERT INTO `Da...', 0)
#1 C:\xampp\htdocs\UAS\system\Database\BaseConnection.php(670): CodeIgniter\Database\MySQLi\Connection->execute('INSERT INTO `Da...')
#2 C:\xampp\htdocs\UAS\system\Database\BaseConnection.php(598): CodeIgniter\Database\BaseConnection->simpleQuery('INSERT INTO `Da...')
#3 C:\xampp\htdocs\UAS\system\Database\BaseBuilder.php(1771): CodeIgniter\Database\BaseConnection->query('INSERT INTO `Da...', Array, false)
#4 C:\xampp\htdocs\UAS\system\Model.php(239): CodeIgniter\Database\BaseBuilder->insert()
#5 C:\xampp\htdocs\UAS\system\BaseModel.php(738): CodeIgniter\Model->doInsert(Array)
#6 C:\xampp\htdocs\UAS\system\Model.php(625): CodeIgniter\BaseModel->insert(Array, true)
#7 C:\xampp\htdocs\UAS\app\Controllers\Film.php(29): CodeIgniter\Model->insert(Array)
#8 C:\xampp\htdocs\UAS\system\CodeIgniter.php(832): App\Controllers\Film->store()
#9 C:\xampp\htdocs\UAS\system\CodeIgniter.php(419): CodeIgniter\CodeIgniter->runController(Object(App\Controllers\Film))
#10 C:\xampp\htdocs\UAS\system\CodeIgniter.php(326): CodeIgniter\CodeIgniter->handleRequest(NULL, Object(Config\Cache), false)
#11 C:\xampp\htdocs\UAS\public\index.php(37): CodeIgniter\CodeIgniter->run()
#12 C:\xampp\htdocs\UAS\system\Commands\Server\rewrite.php(43): require_once('C:\\xampp\\htdocs...')
#13 {main}
ERROR - 2022-05-18 08:06:36 --> Unknown column 'created_at' in 'field list'
CRITICAL - 2022-05-18 08:06:36 --> Unknown column 'created_at' in 'field list'
#0 C:\xampp\htdocs\UAS\system\Database\MySQLi\Connection.php(292): mysqli->query('INSERT INTO `Da...', 0)
#1 C:\xampp\htdocs\UAS\system\Database\BaseConnection.php(670): CodeIgniter\Database\MySQLi\Connection->execute('INSERT INTO `Da...')
#2 C:\xampp\htdocs\UAS\system\Database\BaseConnection.php(598): CodeIgniter\Database\BaseConnection->simpleQuery('INSERT INTO `Da...')
#3 C:\xampp\htdocs\UAS\system\Database\BaseBuilder.php(1771): CodeIgniter\Database\BaseConnection->query('INSERT INTO `Da...', Array, false)
#4 C:\xampp\htdocs\UAS\system\Model.php(239): CodeIgniter\Database\BaseBuilder->insert()
#5 C:\xampp\htdocs\UAS\system\BaseModel.php(738): CodeIgniter\Model->doInsert(Array)
#6 C:\xampp\htdocs\UAS\system\Model.php(625): CodeIgniter\BaseModel->insert(Array, true)
#7 C:\xampp\htdocs\UAS\app\Controllers\Film.php(29): CodeIgniter\Model->insert(Array)
#8 C:\xampp\htdocs\UAS\system\CodeIgniter.php(832): App\Controllers\Film->store()
#9 C:\xampp\htdocs\UAS\system\CodeIgniter.php(419): CodeIgniter\CodeIgniter->runController(Object(App\Controllers\Film))
#10 C:\xampp\htdocs\UAS\system\CodeIgniter.php(326): CodeIgniter\CodeIgniter->handleRequest(NULL, Object(Config\Cache), false)
#11 C:\xampp\htdocs\UAS\public\index.php(37): CodeIgniter\CodeIgniter->run()
#12 C:\xampp\htdocs\UAS\system\Commands\Server\rewrite.php(43): require_once('C:\\xampp\\htdocs...')
#13 {main}
ERROR - 2022-05-18 08:06:44 --> Unknown column 'created_at' in 'field list'
CRITICAL - 2022-05-18 08:06:44 --> Unknown column 'created_at' in 'field list'
#0 C:\xampp\htdocs\UAS\system\Database\MySQLi\Connection.php(292): mysqli->query('INSERT INTO `Da...', 0)
#1 C:\xampp\htdocs\UAS\system\Database\BaseConnection.php(670): CodeIgniter\Database\MySQLi\Connection->execute('INSERT INTO `Da...')
#2 C:\xampp\htdocs\UAS\system\Database\BaseConnection.php(598): CodeIgniter\Database\BaseConnection->simpleQuery('INSERT INTO `Da...')
#3 C:\xampp\htdocs\UAS\system\Database\BaseBuilder.php(1771): CodeIgniter\Database\BaseConnection->query('INSERT INTO `Da...', Array, false)
#4 C:\xampp\htdocs\UAS\system\Model.php(239): CodeIgniter\Database\BaseBuilder->insert()
#5 C:\xampp\htdocs\UAS\system\BaseModel.php(738): CodeIgniter\Model->doInsert(Array)
#6 C:\xampp\htdocs\UAS\system\Model.php(625): CodeIgniter\BaseModel->insert(Array, true)
#7 C:\xampp\htdocs\UAS\app\Controllers\Film.php(29): CodeIgniter\Model->insert(Array)
#8 C:\xampp\htdocs\UAS\system\CodeIgniter.php(832): App\Controllers\Film->store()
#9 C:\xampp\htdocs\UAS\system\CodeIgniter.php(419): CodeIgniter\CodeIgniter->runController(Object(App\Controllers\Film))
#10 C:\xampp\htdocs\UAS\system\CodeIgniter.php(326): CodeIgniter\CodeIgniter->handleRequest(NULL, Object(Config\Cache), false)
#11 C:\xampp\htdocs\UAS\public\index.php(37): CodeIgniter\CodeIgniter->run()
#12 C:\xampp\htdocs\UAS\system\Commands\Server\rewrite.php(43): require_once('C:\\xampp\\htdocs...')
#13 {main}
ERROR - 2022-05-18 08:08:53 --> Unknown column 'created_at' in 'field list'
CRITICAL - 2022-05-18 08:08:53 --> Unknown column 'created_at' in 'field list'
#0 C:\xampp\htdocs\UAS\system\Database\MySQLi\Connection.php(292): mysqli->query('INSERT INTO `Da...', 0)
#1 C:\xampp\htdocs\UAS\system\Database\BaseConnection.php(670): CodeIgniter\Database\MySQLi\Connection->execute('INSERT INTO `Da...')
#2 C:\xampp\htdocs\UAS\system\Database\BaseConnection.php(598): CodeIgniter\Database\BaseConnection->simpleQuery('INSERT INTO `Da...')
#3 C:\xampp\htdocs\UAS\system\Database\BaseBuilder.php(1771): CodeIgniter\Database\BaseConnection->query('INSERT INTO `Da...', Array, false)
#4 C:\xampp\htdocs\UAS\system\Model.php(239): CodeIgniter\Database\BaseBuilder->insert()
#5 C:\xampp\htdocs\UAS\system\BaseModel.php(738): CodeIgniter\Model->doInsert(Array)
#6 C:\xampp\htdocs\UAS\system\Model.php(625): CodeIgniter\BaseModel->insert(Array, true)
#7 C:\xampp\htdocs\UAS\app\Controllers\Film.php(29): CodeIgniter\Model->insert(Array)
#8 C:\xampp\htdocs\UAS\system\CodeIgniter.php(832): App\Controllers\Film->simpan()
#9 C:\xampp\htdocs\UAS\system\CodeIgniter.php(419): CodeIgniter\CodeIgniter->runController(Object(App\Controllers\Film))
#10 C:\xampp\htdocs\UAS\system\CodeIgniter.php(326): CodeIgniter\CodeIgniter->handleRequest(NULL, Object(Config\Cache), false)
#11 C:\xampp\htdocs\UAS\public\index.php(37): CodeIgniter\CodeIgniter->run()
#12 C:\xampp\htdocs\UAS\system\Commands\Server\rewrite.php(43): require_once('C:\\xampp\\htdocs...')
#13 {main}
ERROR - 2022-05-18 08:14:43 --> Unknown column 'created_at' in 'field list'
CRITICAL - 2022-05-18 08:14:43 --> Unknown column 'created_at' in 'field list'
#0 C:\xampp\htdocs\UAS\system\Database\MySQLi\Connection.php(292): mysqli->query('INSERT INTO `Da...', 0)
#1 C:\xampp\htdocs\UAS\system\Database\BaseConnection.php(670): CodeIgniter\Database\MySQLi\Connection->execute('INSERT INTO `Da...')
#2 C:\xampp\htdocs\UAS\system\Database\BaseConnection.php(598): CodeIgniter\Database\BaseConnection->simpleQuery('INSERT INTO `Da...')
#3 C:\xampp\htdocs\UAS\system\Database\BaseBuilder.php(1771): CodeIgniter\Database\BaseConnection->query('INSERT INTO `Da...', Array, false)
#4 C:\xampp\htdocs\UAS\system\Model.php(239): CodeIgniter\Database\BaseBuilder->insert()
#5 C:\xampp\htdocs\UAS\system\BaseModel.php(738): CodeIgniter\Model->doInsert(Array)
#6 C:\xampp\htdocs\UAS\system\Model.php(625): CodeIgniter\BaseModel->insert(Array, true)
#7 C:\xampp\htdocs\UAS\app\Controllers\Film.php(28): CodeIgniter\Model->insert(Array)
#8 C:\xampp\htdocs\UAS\system\CodeIgniter.php(832): App\Controllers\Film->simpan()
#9 C:\xampp\htdocs\UAS\system\CodeIgniter.php(419): CodeIgniter\CodeIgniter->runController(Object(App\Controllers\Film))
#10 C:\xampp\htdocs\UAS\system\CodeIgniter.php(326): CodeIgniter\CodeIgniter->handleRequest(NULL, Object(Config\Cache), false)
#11 C:\xampp\htdocs\UAS\public\index.php(37): CodeIgniter\CodeIgniter->run()
#12 C:\xampp\htdocs\UAS\system\Commands\Server\rewrite.php(43): require_once('C:\\xampp\\htdocs...')
#13 {main}
ERROR - 2022-05-18 08:16:32 --> Unknown column 'created_at' in 'field list'
CRITICAL - 2022-05-18 08:16:32 --> Unknown column 'created_at' in 'field list'
#0 C:\xampp\htdocs\UAS\system\Database\MySQLi\Connection.php(292): mysqli->query('INSERT INTO `Da...', 0)
#1 C:\xampp\htdocs\UAS\system\Database\BaseConnection.php(670): CodeIgniter\Database\MySQLi\Connection->execute('INSERT INTO `Da...')
#2 C:\xampp\htdocs\UAS\system\Database\BaseConnection.php(598): CodeIgniter\Database\BaseConnection->simpleQuery('INSERT INTO `Da...')
#3 C:\xampp\htdocs\UAS\system\Database\BaseBuilder.php(1771): CodeIgniter\Database\BaseConnection->query('INSERT INTO `Da...', Array, false)
#4 C:\xampp\htdocs\UAS\system\Model.php(239): CodeIgniter\Database\BaseBuilder->insert()
#5 C:\xampp\htdocs\UAS\system\BaseModel.php(738): CodeIgniter\Model->doInsert(Array)
#6 C:\xampp\htdocs\UAS\system\Model.php(625): CodeIgniter\BaseModel->insert(Array, true)
#7 C:\xampp\htdocs\UAS\app\Controllers\Film.php(29): CodeIgniter\Model->insert(Array)
#8 C:\xampp\htdocs\UAS\system\CodeIgniter.php(832): App\Controllers\Film->simpan()
#9 C:\xampp\htdocs\UAS\system\CodeIgniter.php(419): CodeIgniter\CodeIgniter->runController(Object(App\Controllers\Film))
#10 C:\xampp\htdocs\UAS\system\CodeIgniter.php(326): CodeIgniter\CodeIgniter->handleRequest(NULL, Object(Config\Cache), false)
#11 C:\xampp\htdocs\UAS\public\index.php(37): CodeIgniter\CodeIgniter->run()
#12 C:\xampp\htdocs\UAS\system\Commands\Server\rewrite.php(43): require_once('C:\\xampp\\htdocs...')
#13 {main}
ERROR - 2022-05-18 08:18:20 --> Unknown column 'created_at' in 'field list'
CRITICAL - 2022-05-18 08:18:20 --> Unknown column 'created_at' in 'field list'
#0 C:\xampp\htdocs\UAS\system\Database\MySQLi\Connection.php(292): mysqli->query('INSERT INTO `Da...', 0)
#1 C:\xampp\htdocs\UAS\system\Database\BaseConnection.php(670): CodeIgniter\Database\MySQLi\Connection->execute('INSERT INTO `Da...')
#2 C:\xampp\htdocs\UAS\system\Database\BaseConnection.php(598): CodeIgniter\Database\BaseConnection->simpleQuery('INSERT INTO `Da...')
#3 C:\xampp\htdocs\UAS\system\Database\BaseBuilder.php(1771): CodeIgniter\Database\BaseConnection->query('INSERT INTO `Da...', Array, false)
#4 C:\xampp\htdocs\UAS\system\Model.php(239): CodeIgniter\Database\BaseBuilder->insert()
#5 C:\xampp\htdocs\UAS\system\BaseModel.php(738): CodeIgniter\Model->doInsert(Array)
#6 C:\xampp\htdocs\UAS\system\Model.php(625): CodeIgniter\BaseModel->insert(Array, true)
#7 C:\xampp\htdocs\UAS\app\Controllers\Film.php(29): CodeIgniter\Model->insert(Array)
#8 C:\xampp\htdocs\UAS\system\CodeIgniter.php(832): App\Controllers\Film->simpan()
#9 C:\xampp\htdocs\UAS\system\CodeIgniter.php(419): CodeIgniter\CodeIgniter->runController(Object(App\Controllers\Film))
#10 C:\xampp\htdocs\UAS\system\CodeIgniter.php(326): CodeIgniter\CodeIgniter->handleRequest(NULL, Object(Config\Cache), false)
#11 C:\xampp\htdocs\UAS\public\index.php(37): CodeIgniter\CodeIgniter->run()
#12 C:\xampp\htdocs\UAS\system\Commands\Server\rewrite.php(43): require_once('C:\\xampp\\htdocs...')
#13 {main}
ERROR - 2022-05-18 08:18:31 --> Unknown column 'created_at' in 'field list'
CRITICAL - 2022-05-18 08:18:31 --> Unknown column 'created_at' in 'field list'
#0 C:\xampp\htdocs\UAS\system\Database\MySQLi\Connection.php(292): mysqli->query('INSERT INTO `Da...', 0)
#1 C:\xampp\htdocs\UAS\system\Database\BaseConnection.php(670): CodeIgniter\Database\MySQLi\Connection->execute('INSERT INTO `Da...')
#2 C:\xampp\htdocs\UAS\system\Database\BaseConnection.php(598): CodeIgniter\Database\BaseConnection->simpleQuery('INSERT INTO `Da...')
#3 C:\xampp\htdocs\UAS\system\Database\BaseBuilder.php(1771): CodeIgniter\Database\BaseConnection->query('INSERT INTO `Da...', Array, false)
#4 C:\xampp\htdocs\UAS\system\Model.php(239): CodeIgniter\Database\BaseBuilder->insert()
#5 C:\xampp\htdocs\UAS\system\BaseModel.php(738): CodeIgniter\Model->doInsert(Array)
#6 C:\xampp\htdocs\UAS\system\Model.php(625): CodeIgniter\BaseModel->insert(Array, true)
#7 C:\xampp\htdocs\UAS\app\Controllers\Film.php(29): CodeIgniter\Model->insert(Array)
#8 C:\xampp\htdocs\UAS\system\CodeIgniter.php(832): App\Controllers\Film->simpan()
#9 C:\xampp\htdocs\UAS\system\CodeIgniter.php(419): CodeIgniter\CodeIgniter->runController(Object(App\Controllers\Film))
#10 C:\xampp\htdocs\UAS\system\CodeIgniter.php(326): CodeIgniter\CodeIgniter->handleRequest(NULL, Object(Config\Cache), false)
#11 C:\xampp\htdocs\UAS\public\index.php(37): CodeIgniter\CodeIgniter->run()
#12 C:\xampp\htdocs\UAS\system\Commands\Server\rewrite.php(43): require_once('C:\\xampp\\htdocs...')
#13 {main}
ERROR - 2022-05-18 08:20:43 --> Unknown column 'created_at' in 'field list'
CRITICAL - 2022-05-18 08:20:43 --> Unknown column 'created_at' in 'field list'
#0 C:\xampp\htdocs\UAS\system\Database\MySQLi\Connection.php(292): mysqli->query('INSERT INTO `Da...', 0)
#1 C:\xampp\htdocs\UAS\system\Database\BaseConnection.php(670): CodeIgniter\Database\MySQLi\Connection->execute('INSERT INTO `Da...')
#2 C:\xampp\htdocs\UAS\system\Database\BaseConnection.php(598): CodeIgniter\Database\BaseConnection->simpleQuery('INSERT INTO `Da...')
#3 C:\xampp\htdocs\UAS\system\Database\BaseBuilder.php(1771): CodeIgniter\Database\BaseConnection->query('INSERT INTO `Da...', Array, false)
#4 C:\xampp\htdocs\UAS\system\Model.php(239): CodeIgniter\Database\BaseBuilder->insert()
#5 C:\xampp\htdocs\UAS\system\BaseModel.php(738): CodeIgniter\Model->doInsert(Array)
#6 C:\xampp\htdocs\UAS\system\Model.php(625): CodeIgniter\BaseModel->insert(Array, true)
#7 C:\xampp\htdocs\UAS\app\Controllers\Film.php(29): CodeIgniter\Model->insert(Array)
#8 C:\xampp\htdocs\UAS\system\CodeIgniter.php(832): App\Controllers\Film->simpan()
#9 C:\xampp\htdocs\UAS\system\CodeIgniter.php(419): CodeIgniter\CodeIgniter->runController(Object(App\Controllers\Film))
#10 C:\xampp\htdocs\UAS\system\CodeIgniter.php(326): CodeIgniter\CodeIgniter->handleRequest(NULL, Object(Config\Cache), false)
#11 C:\xampp\htdocs\UAS\public\index.php(37): CodeIgniter\CodeIgniter->run()
#12 C:\xampp\htdocs\UAS\system\Commands\Server\rewrite.php(43): require_once('C:\\xampp\\htdocs...')
#13 {main}
ERROR - 2022-05-18 08:39:54 --> Unknown column 'created_at' in 'field list'
CRITICAL - 2022-05-18 08:39:54 --> Unknown column 'created_at' in 'field list'
#0 C:\xampp\htdocs\UAS\system\Database\MySQLi\Connection.php(292): mysqli->query('INSERT INTO `Da...', 0)
#1 C:\xampp\htdocs\UAS\system\Database\BaseConnection.php(670): CodeIgniter\Database\MySQLi\Connection->execute('INSERT INTO `Da...')
#2 C:\xampp\htdocs\UAS\system\Database\BaseConnection.php(598): CodeIgniter\Database\BaseConnection->simpleQuery('INSERT INTO `Da...')
#3 C:\xampp\htdocs\UAS\system\Database\BaseBuilder.php(1771): CodeIgniter\Database\BaseConnection->query('INSERT INTO `Da...', Array, false)
#4 C:\xampp\htdocs\UAS\system\Model.php(239): CodeIgniter\Database\BaseBuilder->insert()
#5 C:\xampp\htdocs\UAS\system\BaseModel.php(738): CodeIgniter\Model->doInsert(Array)
#6 C:\xampp\htdocs\UAS\system\Model.php(625): CodeIgniter\BaseModel->insert(Array, true)
#7 C:\xampp\htdocs\UAS\app\Controllers\Film.php(29): CodeIgniter\Model->insert(Array)
#8 C:\xampp\htdocs\UAS\system\CodeIgniter.php(832): App\Controllers\Film->simpan()
#9 C:\xampp\htdocs\UAS\system\CodeIgniter.php(419): CodeIgniter\CodeIgniter->runController(Object(App\Controllers\Film))
#10 C:\xampp\htdocs\UAS\system\CodeIgniter.php(326): CodeIgniter\CodeIgniter->handleRequest(NULL, Object(Config\Cache), false)
#11 C:\xampp\htdocs\UAS\public\index.php(37): CodeIgniter\CodeIgniter->run()
#12 C:\xampp\htdocs\UAS\system\Commands\Server\rewrite.php(43): require_once('C:\\xampp\\htdocs...')
#13 {main}
ERROR - 2022-05-18 08:43:06 --> Unknown column 'created_at' in 'field list'
CRITICAL - 2022-05-18 08:43:06 --> Unknown column 'created_at' in 'field list'
#0 C:\xampp\htdocs\UAS\system\Database\MySQLi\Connection.php(292): mysqli->query('INSERT INTO `Da...', 0)
#1 C:\xampp\htdocs\UAS\system\Database\BaseConnection.php(670): CodeIgniter\Database\MySQLi\Connection->execute('INSERT INTO `Da...')
#2 C:\xampp\htdocs\UAS\system\Database\BaseConnection.php(598): CodeIgniter\Database\BaseConnection->simpleQuery('INSERT INTO `Da...')
#3 C:\xampp\htdocs\UAS\system\Database\BaseBuilder.php(1771): CodeIgniter\Database\BaseConnection->query('INSERT INTO `Da...', Array, false)
#4 C:\xampp\htdocs\UAS\system\Model.php(239): CodeIgniter\Database\BaseBuilder->insert()
#5 C:\xampp\htdocs\UAS\system\BaseModel.php(738): CodeIgniter\Model->doInsert(Array)
#6 C:\xampp\htdocs\UAS\system\Model.php(625): CodeIgniter\BaseModel->insert(Array, true)
#7 C:\xampp\htdocs\UAS\app\Controllers\Film.php(29): CodeIgniter\Model->insert(Array)
#8 C:\xampp\htdocs\UAS\system\CodeIgniter.php(832): App\Controllers\Film->simpan()
#9 C:\xampp\htdocs\UAS\system\CodeIgniter.php(419): CodeIgniter\CodeIgniter->runController(Object(App\Controllers\Film))
#10 C:\xampp\htdocs\UAS\system\CodeIgniter.php(326): CodeIgniter\CodeIgniter->handleRequest(NULL, Object(Config\Cache), false)
#11 C:\xampp\htdocs\UAS\public\index.php(37): CodeIgniter\CodeIgniter->run()
#12 C:\xampp\htdocs\UAS\system\Commands\Server\rewrite.php(43): require_once('C:\\xampp\\htdocs...')
#13 {main}
ERROR - 2022-05-18 08:43:38 --> Unknown column 'created_at' in 'field list'
CRITICAL - 2022-05-18 08:43:38 --> Unknown column 'created_at' in 'field list'
#0 C:\xampp\htdocs\UAS\system\Database\MySQLi\Connection.php(292): mysqli->query('INSERT INTO `Da...', 0)
#1 C:\xampp\htdocs\UAS\system\Database\BaseConnection.php(670): CodeIgniter\Database\MySQLi\Connection->execute('INSERT INTO `Da...')
#2 C:\xampp\htdocs\UAS\system\Database\BaseConnection.php(598): CodeIgniter\Database\BaseConnection->simpleQuery('INSERT INTO `Da...')
#3 C:\xampp\htdocs\UAS\system\Database\BaseBuilder.php(1771): CodeIgniter\Database\BaseConnection->query('INSERT INTO `Da...', Array, false)
#4 C:\xampp\htdocs\UAS\system\Model.php(239): CodeIgniter\Database\BaseBuilder->insert()
#5 C:\xampp\htdocs\UAS\system\BaseModel.php(738): CodeIgniter\Model->doInsert(Array)
#6 C:\xampp\htdocs\UAS\system\Model.php(625): CodeIgniter\BaseModel->insert(Array, true)
#7 C:\xampp\htdocs\UAS\app\Controllers\Film.php(29): CodeIgniter\Model->insert(Array)
#8 C:\xampp\htdocs\UAS\system\CodeIgniter.php(832): App\Controllers\Film->simpan()
#9 C:\xampp\htdocs\UAS\system\CodeIgniter.php(419): CodeIgniter\CodeIgniter->runController(Object(App\Controllers\Film))
#10 C:\xampp\htdocs\UAS\system\CodeIgniter.php(326): CodeIgniter\CodeIgniter->handleRequest(NULL, Object(Config\Cache), false)
#11 C:\xampp\htdocs\UAS\public\index.php(37): CodeIgniter\CodeIgniter->run()
#12 C:\xampp\htdocs\UAS\system\Commands\Server\rewrite.php(43): require_once('C:\\xampp\\htdocs...')
#13 {main}
ERROR - 2022-05-18 08:44:02 --> Unknown column 'created_at' in 'field list'
CRITICAL - 2022-05-18 08:44:02 --> Unknown column 'created_at' in 'field list'
#0 C:\xampp\htdocs\UAS\system\Database\MySQLi\Connection.php(292): mysqli->query('INSERT INTO `Da...', 0)
#1 C:\xampp\htdocs\UAS\system\Database\BaseConnection.php(670): CodeIgniter\Database\MySQLi\Connection->execute('INSERT INTO `Da...')
#2 C:\xampp\htdocs\UAS\system\Database\BaseConnection.php(598): CodeIgniter\Database\BaseConnection->simpleQuery('INSERT INTO `Da...')
#3 C:\xampp\htdocs\UAS\system\Database\BaseBuilder.php(1771): CodeIgniter\Database\BaseConnection->query('INSERT INTO `Da...', Array, false)
#4 C:\xampp\htdocs\UAS\system\Model.php(239): CodeIgniter\Database\BaseBuilder->insert()
#5 C:\xampp\htdocs\UAS\system\BaseModel.php(738): CodeIgniter\Model->doInsert(Array)
#6 C:\xampp\htdocs\UAS\system\Model.php(625): CodeIgniter\BaseModel->insert(Array, true)
#7 C:\xampp\htdocs\UAS\app\Controllers\Film.php(29): CodeIgniter\Model->insert(Array)
#8 C:\xampp\htdocs\UAS\system\CodeIgniter.php(832): App\Controllers\Film->simpan()
#9 C:\xampp\htdocs\UAS\system\CodeIgniter.php(419): CodeIgniter\CodeIgniter->runController(Object(App\Controllers\Film))
#10 C:\xampp\htdocs\UAS\system\CodeIgniter.php(326): CodeIgniter\CodeIgniter->handleRequest(NULL, Object(Config\Cache), false)
#11 C:\xampp\htdocs\UAS\public\index.php(37): CodeIgniter\CodeIgniter->run()
#12 C:\xampp\htdocs\UAS\system\Commands\Server\rewrite.php(43): require_once('C:\\xampp\\htdocs...')
#13 {main}
ERROR - 2022-05-18 08:44:14 --> Unknown column 'created_at' in 'field list'
CRITICAL - 2022-05-18 08:44:14 --> Unknown column 'created_at' in 'field list'
#0 C:\xampp\htdocs\UAS\system\Database\MySQLi\Connection.php(292): mysqli->query('INSERT INTO `Da...', 0)
#1 C:\xampp\htdocs\UAS\system\Database\BaseConnection.php(670): CodeIgniter\Database\MySQLi\Connection->execute('INSERT INTO `Da...')
#2 C:\xampp\htdocs\UAS\system\Database\BaseConnection.php(598): CodeIgniter\Database\BaseConnection->simpleQuery('INSERT INTO `Da...')
#3 C:\xampp\htdocs\UAS\system\Database\BaseBuilder.php(1771): CodeIgniter\Database\BaseConnection->query('INSERT INTO `Da...', Array, false)
#4 C:\xampp\htdocs\UAS\system\Model.php(239): CodeIgniter\Database\BaseBuilder->insert()
#5 C:\xampp\htdocs\UAS\system\BaseModel.php(738): CodeIgniter\Model->doInsert(Array)
#6 C:\xampp\htdocs\UAS\system\Model.php(625): CodeIgniter\BaseModel->insert(Array, true)
#7 C:\xampp\htdocs\UAS\app\Controllers\Film.php(29): CodeIgniter\Model->insert(Array)
#8 C:\xampp\htdocs\UAS\system\CodeIgniter.php(832): App\Controllers\Film->simpan()
#9 C:\xampp\htdocs\UAS\system\CodeIgniter.php(419): CodeIgniter\CodeIgniter->runController(Object(App\Controllers\Film))
#10 C:\xampp\htdocs\UAS\system\CodeIgniter.php(326): CodeIgniter\CodeIgniter->handleRequest(NULL, Object(Config\Cache), false)
#11 C:\xampp\htdocs\UAS\public\index.php(37): CodeIgniter\CodeIgniter->run()
#12 C:\xampp\htdocs\UAS\system\Commands\Server\rewrite.php(43): require_once('C:\\xampp\\htdocs...')
#13 {main}
ERROR - 2022-05-18 08:58:27 --> Unknown column 'created_at' in 'field list'
CRITICAL - 2022-05-18 08:58:27 --> Unknown column 'created_at' in 'field list'
#0 C:\xampp\htdocs\UAS\system\Database\MySQLi\Connection.php(292): mysqli->query('INSERT INTO `Da...', 0)
#1 C:\xampp\htdocs\UAS\system\Database\BaseConnection.php(670): CodeIgniter\Database\MySQLi\Connection->execute('INSERT INTO `Da...')
#2 C:\xampp\htdocs\UAS\system\Database\BaseConnection.php(598): CodeIgniter\Database\BaseConnection->simpleQuery('INSERT INTO `Da...')
#3 C:\xampp\htdocs\UAS\system\Database\BaseBuilder.php(1771): CodeIgniter\Database\BaseConnection->query('INSERT INTO `Da...', Array, false)
#4 C:\xampp\htdocs\UAS\system\Model.php(239): CodeIgniter\Database\BaseBuilder->insert()
#5 C:\xampp\htdocs\UAS\system\BaseModel.php(738): CodeIgniter\Model->doInsert(Array)
#6 C:\xampp\htdocs\UAS\system\Model.php(625): CodeIgniter\BaseModel->insert(Array, true)
#7 C:\xampp\htdocs\UAS\app\Controllers\Film.php(29): CodeIgniter\Model->insert(Array)
#8 C:\xampp\htdocs\UAS\system\CodeIgniter.php(832): App\Controllers\Film->simpan()
#9 C:\xampp\htdocs\UAS\system\CodeIgniter.php(419): CodeIgniter\CodeIgniter->runController(Object(App\Controllers\Film))
#10 C:\xampp\htdocs\UAS\system\CodeIgniter.php(326): CodeIgniter\CodeIgniter->handleRequest(NULL, Object(Config\Cache), false)
#11 C:\xampp\htdocs\UAS\public\index.php(37): CodeIgniter\CodeIgniter->run()
#12 C:\xampp\htdocs\UAS\system\Commands\Server\rewrite.php(43): require_once('C:\\xampp\\htdocs...')
#13 {main}
ERROR - 2022-05-18 09:01:57 --> Unknown column 'created_at' in 'field list'
CRITICAL - 2022-05-18 09:01:57 --> Unknown column 'created_at' in 'field list'
#0 C:\xampp\htdocs\UAS\system\Database\MySQLi\Connection.php(292): mysqli->query('INSERT INTO `Da...', 0)
#1 C:\xampp\htdocs\UAS\system\Database\BaseConnection.php(670): CodeIgniter\Database\MySQLi\Connection->execute('INSERT INTO `Da...')
#2 C:\xampp\htdocs\UAS\system\Database\BaseConnection.php(598): CodeIgniter\Database\BaseConnection->simpleQuery('INSERT INTO `Da...')
#3 C:\xampp\htdocs\UAS\system\Database\BaseBuilder.php(1771): CodeIgniter\Database\BaseConnection->query('INSERT INTO `Da...', Array, false)
#4 C:\xampp\htdocs\UAS\system\Model.php(239): CodeIgniter\Database\BaseBuilder->insert()
#5 C:\xampp\htdocs\UAS\system\BaseModel.php(738): CodeIgniter\Model->doInsert(Array)
#6 C:\xampp\htdocs\UAS\system\Model.php(625): CodeIgniter\BaseModel->insert(Array, true)
#7 C:\xampp\htdocs\UAS\app\Controllers\Film.php(29): CodeIgniter\Model->insert(Array)
#8 C:\xampp\htdocs\UAS\system\CodeIgniter.php(832): App\Controllers\Film->simpan()
#9 C:\xampp\htdocs\UAS\system\CodeIgniter.php(419): CodeIgniter\CodeIgniter->runController(Object(App\Controllers\Film))
#10 C:\xampp\htdocs\UAS\system\CodeIgniter.php(326): CodeIgniter\CodeIgniter->handleRequest(NULL, Object(Config\Cache), false)
#11 C:\xampp\htdocs\UAS\public\index.php(37): CodeIgniter\CodeIgniter->run()
#12 C:\xampp\htdocs\UAS\system\Commands\Server\rewrite.php(43): require_once('C:\\xampp\\htdocs...')
#13 {main}
ERROR - 2022-05-18 09:04:08 --> Unknown column 'created_at' in 'field list'
CRITICAL - 2022-05-18 09:04:08 --> Unknown column 'created_at' in 'field list'
#0 C:\xampp\htdocs\UAS\system\Database\MySQLi\Connection.php(292): mysqli->query('INSERT INTO `Da...', 0)
#1 C:\xampp\htdocs\UAS\system\Database\BaseConnection.php(670): CodeIgniter\Database\MySQLi\Connection->execute('INSERT INTO `Da...')
#2 C:\xampp\htdocs\UAS\system\Database\BaseConnection.php(598): CodeIgniter\Database\BaseConnection->simpleQuery('INSERT INTO `Da...')
#3 C:\xampp\htdocs\UAS\system\Database\BaseBuilder.php(1771): CodeIgniter\Database\BaseConnection->query('INSERT INTO `Da...', Array, false)
#4 C:\xampp\htdocs\UAS\system\Model.php(239): CodeIgniter\Database\BaseBuilder->insert()
#5 C:\xampp\htdocs\UAS\system\BaseModel.php(738): CodeIgniter\Model->doInsert(Array)
#6 C:\xampp\htdocs\UAS\system\Model.php(625): CodeIgniter\BaseModel->insert(Array, true)
#7 C:\xampp\htdocs\UAS\app\Controllers\Film.php(29): CodeIgniter\Model->insert(Array)
#8 C:\xampp\htdocs\UAS\system\CodeIgniter.php(832): App\Controllers\Film->simpan()
#9 C:\xampp\htdocs\UAS\system\CodeIgniter.php(419): CodeIgniter\CodeIgniter->runController(Object(App\Controllers\Film))
#10 C:\xampp\htdocs\UAS\system\CodeIgniter.php(326): CodeIgniter\CodeIgniter->handleRequest(NULL, Object(Config\Cache), false)
#11 C:\xampp\htdocs\UAS\public\index.php(37): CodeIgniter\CodeIgniter->run()
#12 C:\xampp\htdocs\UAS\system\Commands\Server\rewrite.php(43): require_once('C:\\xampp\\htdocs...')
#13 {main}
ERROR - 2022-05-18 09:04:45 --> Unknown column 'created_at' in 'field list'
CRITICAL - 2022-05-18 09:04:45 --> Unknown column 'created_at' in 'field list'
#0 C:\xampp\htdocs\UAS\system\Database\MySQLi\Connection.php(292): mysqli->query('INSERT INTO `Da...', 0)
#1 C:\xampp\htdocs\UAS\system\Database\BaseConnection.php(670): CodeIgniter\Database\MySQLi\Connection->execute('INSERT INTO `Da...')
#2 C:\xampp\htdocs\UAS\system\Database\BaseConnection.php(598): CodeIgniter\Database\BaseConnection->simpleQuery('INSERT INTO `Da...')
#3 C:\xampp\htdocs\UAS\system\Database\BaseBuilder.php(1771): CodeIgniter\Database\BaseConnection->query('INSERT INTO `Da...', Array, false)
#4 C:\xampp\htdocs\UAS\system\Model.php(239): CodeIgniter\Database\BaseBuilder->insert()
#5 C:\xampp\htdocs\UAS\system\BaseModel.php(738): CodeIgniter\Model->doInsert(Array)
#6 C:\xampp\htdocs\UAS\system\Model.php(625): CodeIgniter\BaseModel->insert(Array, true)
#7 C:\xampp\htdocs\UAS\app\Controllers\Film.php(29): CodeIgniter\Model->insert(Array)
#8 C:\xampp\htdocs\UAS\system\CodeIgniter.php(832): App\Controllers\Film->simpan()
#9 C:\xampp\htdocs\UAS\system\CodeIgniter.php(419): CodeIgniter\CodeIgniter->runController(Object(App\Controllers\Film))
#10 C:\xampp\htdocs\UAS\system\CodeIgniter.php(326): CodeIgniter\CodeIgniter->handleRequest(NULL, Object(Config\Cache), false)
#11 C:\xampp\htdocs\UAS\public\index.php(37): CodeIgniter\CodeIgniter->run()
#12 C:\xampp\htdocs\UAS\system\Commands\Server\rewrite.php(43): require_once('C:\\xampp\\htdocs...')
#13 {main}
ERROR - 2022-05-18 09:04:48 --> Unknown column 'created_at' in 'field list'
CRITICAL - 2022-05-18 09:04:48 --> Unknown column 'created_at' in 'field list'
#0 C:\xampp\htdocs\UAS\system\Database\MySQLi\Connection.php(292): mysqli->query('INSERT INTO `Da...', 0)
#1 C:\xampp\htdocs\UAS\system\Database\BaseConnection.php(670): CodeIgniter\Database\MySQLi\Connection->execute('INSERT INTO `Da...')
#2 C:\xampp\htdocs\UAS\system\Database\BaseConnection.php(598): CodeIgniter\Database\BaseConnection->simpleQuery('INSERT INTO `Da...')
#3 C:\xampp\htdocs\UAS\system\Database\BaseBuilder.php(1771): CodeIgniter\Database\BaseConnection->query('INSERT INTO `Da...', Array, false)
#4 C:\xampp\htdocs\UAS\system\Model.php(239): CodeIgniter\Database\BaseBuilder->insert()
#5 C:\xampp\htdocs\UAS\system\BaseModel.php(738): CodeIgniter\Model->doInsert(Array)
#6 C:\xampp\htdocs\UAS\system\Model.php(625): CodeIgniter\BaseModel->insert(Array, true)
#7 C:\xampp\htdocs\UAS\app\Controllers\Film.php(29): CodeIgniter\Model->insert(Array)
#8 C:\xampp\htdocs\UAS\system\CodeIgniter.php(832): App\Controllers\Film->simpan()
#9 C:\xampp\htdocs\UAS\system\CodeIgniter.php(419): CodeIgniter\CodeIgniter->runController(Object(App\Controllers\Film))
#10 C:\xampp\htdocs\UAS\system\CodeIgniter.php(326): CodeIgniter\CodeIgniter->handleRequest(NULL, Object(Config\Cache), false)
#11 C:\xampp\htdocs\UAS\public\index.php(37): CodeIgniter\CodeIgniter->run()
#12 C:\xampp\htdocs\UAS\system\Commands\Server\rewrite.php(43): require_once('C:\\xampp\\htdocs...')
#13 {main}
ERROR - 2022-05-18 09:05:13 --> Unknown column 'created_at' in 'field list'
CRITICAL - 2022-05-18 09:05:13 --> Unknown column 'created_at' in 'field list'
#0 C:\xampp\htdocs\UAS\system\Database\MySQLi\Connection.php(292): mysqli->query('INSERT INTO `Da...', 0)
#1 C:\xampp\htdocs\UAS\system\Database\BaseConnection.php(670): CodeIgniter\Database\MySQLi\Connection->execute('INSERT INTO `Da...')
#2 C:\xampp\htdocs\UAS\system\Database\BaseConnection.php(598): CodeIgniter\Database\BaseConnection->simpleQuery('INSERT INTO `Da...')
#3 C:\xampp\htdocs\UAS\system\Database\BaseBuilder.php(1771): CodeIgniter\Database\BaseConnection->query('INSERT INTO `Da...', Array, false)
#4 C:\xampp\htdocs\UAS\system\Model.php(239): CodeIgniter\Database\BaseBuilder->insert()
#5 C:\xampp\htdocs\UAS\system\BaseModel.php(738): CodeIgniter\Model->doInsert(Array)
#6 C:\xampp\htdocs\UAS\system\Model.php(625): CodeIgniter\BaseModel->insert(Array, true)
#7 C:\xampp\htdocs\UAS\app\Controllers\Film.php(29): CodeIgniter\Model->insert(Array)
#8 C:\xampp\htdocs\UAS\system\CodeIgniter.php(832): App\Controllers\Film->simpan()
#9 C:\xampp\htdocs\UAS\system\CodeIgniter.php(419): CodeIgniter\CodeIgniter->runController(Object(App\Controllers\Film))
#10 C:\xampp\htdocs\UAS\system\CodeIgniter.php(326): CodeIgniter\CodeIgniter->handleRequest(NULL, Object(Config\Cache), false)
#11 C:\xampp\htdocs\UAS\public\index.php(37): CodeIgniter\CodeIgniter->run()
#12 C:\xampp\htdocs\UAS\system\Commands\Server\rewrite.php(43): require_once('C:\\xampp\\htdocs...')
#13 {main}
CRITICAL - 2022-05-18 09:13:32 --> There is no data to insert.
#0 C:\xampp\htdocs\UAS\system\BaseModel.php(718): CodeIgniter\Database\Exceptions\DataException::forEmptyDataset('insert')
#1 C:\xampp\htdocs\UAS\system\Model.php(625): CodeIgniter\BaseModel->insert(Array, true)
#2 C:\xampp\htdocs\UAS\app\Controllers\Film.php(29): CodeIgniter\Model->insert(Array)
#3 C:\xampp\htdocs\UAS\system\CodeIgniter.php(832): App\Controllers\Film->simpan()
#4 C:\xampp\htdocs\UAS\system\CodeIgniter.php(419): CodeIgniter\CodeIgniter->runController(Object(App\Controllers\Film))
#5 C:\xampp\htdocs\UAS\system\CodeIgniter.php(326): CodeIgniter\CodeIgniter->handleRequest(NULL, Object(Config\Cache), false)
#6 C:\xampp\htdocs\UAS\public\index.php(37): CodeIgniter\CodeIgniter->run()
#7 C:\xampp\htdocs\UAS\system\Commands\Server\rewrite.php(43): require_once('C:\\xampp\\htdocs...')
#8 {main}
CRITICAL - 2022-05-18 09:13:48 --> There is no data to insert.
#0 C:\xampp\htdocs\UAS\system\BaseModel.php(718): CodeIgniter\Database\Exceptions\DataException::forEmptyDataset('insert')
#1 C:\xampp\htdocs\UAS\system\Model.php(625): CodeIgniter\BaseModel->insert(Array, true)
#2 C:\xampp\htdocs\UAS\app\Controllers\Film.php(29): CodeIgniter\Model->insert(Array)
#3 C:\xampp\htdocs\UAS\system\CodeIgniter.php(832): App\Controllers\Film->simpan()
#4 C:\xampp\htdocs\UAS\system\CodeIgniter.php(419): CodeIgniter\CodeIgniter->runController(Object(App\Controllers\Film))
#5 C:\xampp\htdocs\UAS\system\CodeIgniter.php(326): CodeIgniter\CodeIgniter->handleRequest(NULL, Object(Config\Cache), false)
#6 C:\xampp\htdocs\UAS\public\index.php(37): CodeIgniter\CodeIgniter->run()
#7 C:\xampp\htdocs\UAS\system\Commands\Server\rewrite.php(43): require_once('C:\\xampp\\htdocs...')
#8 {main}
ERROR - 2022-05-18 09:15:05 --> Unknown column 'created_at' in 'field list'
CRITICAL - 2022-05-18 09:15:05 --> Unknown column 'created_at' in 'field list'
#0 C:\xampp\htdocs\UAS\system\Database\MySQLi\Connection.php(292): mysqli->query('INSERT INTO `Da...', 0)
#1 C:\xampp\htdocs\UAS\system\Database\BaseConnection.php(670): CodeIgniter\Database\MySQLi\Connection->execute('INSERT INTO `Da...')
#2 C:\xampp\htdocs\UAS\system\Database\BaseConnection.php(598): CodeIgniter\Database\BaseConnection->simpleQuery('INSERT INTO `Da...')
#3 C:\xampp\htdocs\UAS\system\Database\BaseBuilder.php(1771): CodeIgniter\Database\BaseConnection->query('INSERT INTO `Da...', Array, false)
#4 C:\xampp\htdocs\UAS\system\Model.php(239): CodeIgniter\Database\BaseBuilder->insert()
#5 C:\xampp\htdocs\UAS\system\BaseModel.php(738): CodeIgniter\Model->doInsert(Array)
#6 C:\xampp\htdocs\UAS\system\Model.php(625): CodeIgniter\BaseModel->insert(Array, true)
#7 C:\xampp\htdocs\UAS\app\Controllers\Film.php(29): CodeIgniter\Model->insert(Array)
#8 C:\xampp\htdocs\UAS\system\CodeIgniter.php(832): App\Controllers\Film->simpan()
#9 C:\xampp\htdocs\UAS\system\CodeIgniter.php(419): CodeIgniter\CodeIgniter->runController(Object(App\Controllers\Film))
#10 C:\xampp\htdocs\UAS\system\CodeIgniter.php(326): CodeIgniter\CodeIgniter->handleRequest(NULL, Object(Config\Cache), false)
#11 C:\xampp\htdocs\UAS\public\index.php(37): CodeIgniter\CodeIgniter->run()
#12 C:\xampp\htdocs\UAS\system\Commands\Server\rewrite.php(43): require_once('C:\\xampp\\htdocs...')
#13 {main}
ERROR - 2022-05-18 11:53:52 --> Unknown column 'created_at' in 'field list'
CRITICAL - 2022-05-18 11:53:52 --> Unknown column 'created_at' in 'field list'
#0 C:\xampp\htdocs\UAS\system\Database\MySQLi\Connection.php(292): mysqli->query('INSERT INTO `Da...', 0)
#1 C:\xampp\htdocs\UAS\system\Database\BaseConnection.php(670): CodeIgniter\Database\MySQLi\Connection->execute('INSERT INTO `Da...')
#2 C:\xampp\htdocs\UAS\system\Database\BaseConnection.php(598): CodeIgniter\Database\BaseConnection->simpleQuery('INSERT INTO `Da...')
#3 C:\xampp\htdocs\UAS\system\Database\BaseBuilder.php(1771): CodeIgniter\Database\BaseConnection->query('INSERT INTO `Da...', Array, false)
#4 C:\xampp\htdocs\UAS\system\Model.php(239): CodeIgniter\Database\BaseBuilder->insert()
#5 C:\xampp\htdocs\UAS\system\BaseModel.php(738): CodeIgniter\Model->doInsert(Array)
#6 C:\xampp\htdocs\UAS\system\Model.php(625): CodeIgniter\BaseModel->insert(Array, true)
#7 C:\xampp\htdocs\UAS\app\Controllers\Film.php(29): CodeIgniter\Model->insert(Array)
#8 C:\xampp\htdocs\UAS\system\CodeIgniter.php(832): App\Controllers\Film->simpan()
#9 C:\xampp\htdocs\UAS\system\CodeIgniter.php(419): CodeIgniter\CodeIgniter->runController(Object(App\Controllers\Film))
#10 C:\xampp\htdocs\UAS\system\CodeIgniter.php(326): CodeIgniter\CodeIgniter->handleRequest(NULL, Object(Config\Cache), false)
#11 C:\xampp\htdocs\UAS\public\index.php(37): CodeIgniter\CodeIgniter->run()
#12 C:\xampp\htdocs\UAS\system\Commands\Server\rewrite.php(43): require_once('C:\\xampp\\htdocs...')
#13 {main}
ERROR - 2022-05-18 12:17:02 --> Unknown column 'created_at' in 'field list'
CRITICAL - 2022-05-18 12:17:02 --> Unknown column 'created_at' in 'field list'
#0 C:\xampp\htdocs\UAS\system\Database\MySQLi\Connection.php(292): mysqli->query('INSERT INTO `Da...', 0)
#1 C:\xampp\htdocs\UAS\system\Database\BaseConnection.php(670): CodeIgniter\Database\MySQLi\Connection->execute('INSERT INTO `Da...')
#2 C:\xampp\htdocs\UAS\system\Database\BaseConnection.php(598): CodeIgniter\Database\BaseConnection->simpleQuery('INSERT INTO `Da...')
#3 C:\xampp\htdocs\UAS\system\Database\BaseBuilder.php(1771): CodeIgniter\Database\BaseConnection->query('INSERT INTO `Da...', Array, false)
#4 C:\xampp\htdocs\UAS\system\Model.php(239): CodeIgniter\Database\BaseBuilder->insert()
#5 C:\xampp\htdocs\UAS\system\BaseModel.php(738): CodeIgniter\Model->doInsert(Array)
#6 C:\xampp\htdocs\UAS\system\Model.php(625): CodeIgniter\BaseModel->insert(Array, true)
#7 C:\xampp\htdocs\UAS\app\Controllers\Film.php(29): CodeIgniter\Model->insert(Array)
#8 C:\xampp\htdocs\UAS\system\CodeIgniter.php(832): App\Controllers\Film->simpan()
#9 C:\xampp\htdocs\UAS\system\CodeIgniter.php(419): CodeIgniter\CodeIgniter->runController(Object(App\Controllers\Film))
#10 C:\xampp\htdocs\UAS\system\CodeIgniter.php(326): CodeIgniter\CodeIgniter->handleRequest(NULL, Object(Config\Cache), false)
#11 C:\xampp\htdocs\UAS\public\index.php(37): CodeIgniter\CodeIgniter->run()
#12 C:\xampp\htdocs\UAS\system\Commands\Server\rewrite.php(43): require_once('C:\\xampp\\htdocs...')
#13 {main}
ERROR - 2022-05-18 12:17:04 --> Unknown column 'created_at' in 'field list'
CRITICAL - 2022-05-18 12:17:04 --> Unknown column 'created_at' in 'field list'
#0 C:\xampp\htdocs\UAS\system\Database\MySQLi\Connection.php(292): mysqli->query('INSERT INTO `Da...', 0)
#1 C:\xampp\htdocs\UAS\system\Database\BaseConnection.php(670): CodeIgniter\Database\MySQLi\Connection->execute('INSERT INTO `Da...')
#2 C:\xampp\htdocs\UAS\system\Database\BaseConnection.php(598): CodeIgniter\Database\BaseConnection->simpleQuery('INSERT INTO `Da...')
#3 C:\xampp\htdocs\UAS\system\Database\BaseBuilder.php(1771): CodeIgniter\Database\BaseConnection->query('INSERT INTO `Da...', Array, false)
#4 C:\xampp\htdocs\UAS\system\Model.php(239): CodeIgniter\Database\BaseBuilder->insert()
#5 C:\xampp\htdocs\UAS\system\BaseModel.php(738): CodeIgniter\Model->doInsert(Array)
#6 C:\xampp\htdocs\UAS\system\Model.php(625): CodeIgniter\BaseModel->insert(Array, true)
#7 C:\xampp\htdocs\UAS\app\Controllers\Film.php(29): CodeIgniter\Model->insert(Array)
#8 C:\xampp\htdocs\UAS\system\CodeIgniter.php(832): App\Controllers\Film->simpan()
#9 C:\xampp\htdocs\UAS\system\CodeIgniter.php(419): CodeIgniter\CodeIgniter->runController(Object(App\Controllers\Film))
#10 C:\xampp\htdocs\UAS\system\CodeIgniter.php(326): CodeIgniter\CodeIgniter->handleRequest(NULL, Object(Config\Cache), false)
#11 C:\xampp\htdocs\UAS\public\index.php(37): CodeIgniter\CodeIgniter->run()
#12 C:\xampp\htdocs\UAS\system\Commands\Server\rewrite.php(43): require_once('C:\\xampp\\htdocs...')
#13 {main}
CRITICAL - 2022-05-18 12:20:11 --> Call to undefined method CodeIgniter\HTTP\IncomingRequest::Post()
#0 C:\xampp\htdocs\UAS\system\CodeIgniter.php(832): App\Controllers\Film->simpan()
#1 C:\xampp\htdocs\UAS\system\CodeIgniter.php(419): CodeIgniter\CodeIgniter->runController(Object(App\Controllers\Film))
#2 C:\xampp\htdocs\UAS\system\CodeIgniter.php(326): CodeIgniter\CodeIgniter->handleRequest(NULL, Object(Config\Cache), false)
#3 C:\xampp\htdocs\UAS\public\index.php(37): CodeIgniter\CodeIgniter->run()
#4 C:\xampp\htdocs\UAS\system\Commands\Server\rewrite.php(43): require_once('C:\\xampp\\htdocs...')
#5 {main}
ERROR - 2022-05-18 12:20:54 --> Unknown column 'created_at' in 'field list'
CRITICAL - 2022-05-18 12:20:54 --> Unknown column 'created_at' in 'field list'
#0 C:\xampp\htdocs\UAS\system\Database\MySQLi\Connection.php(292): mysqli->query('INSERT INTO `Da...', 0)
#1 C:\xampp\htdocs\UAS\system\Database\BaseConnection.php(670): CodeIgniter\Database\MySQLi\Connection->execute('INSERT INTO `Da...')
#2 C:\xampp\htdocs\UAS\system\Database\BaseConnection.php(598): CodeIgniter\Database\BaseConnection->simpleQuery('INSERT INTO `Da...')
#3 C:\xampp\htdocs\UAS\system\Database\BaseBuilder.php(1771): CodeIgniter\Database\BaseConnection->query('INSERT INTO `Da...', Array, false)
#4 C:\xampp\htdocs\UAS\system\Model.php(239): CodeIgniter\Database\BaseBuilder->insert()
#5 C:\xampp\htdocs\UAS\system\BaseModel.php(738): CodeIgniter\Model->doInsert(Array)
#6 C:\xampp\htdocs\UAS\system\Model.php(625): CodeIgniter\BaseModel->insert(Array, true)
#7 C:\xampp\htdocs\UAS\app\Controllers\Film.php(29): CodeIgniter\Model->insert(Array)
#8 C:\xampp\htdocs\UAS\system\CodeIgniter.php(832): App\Controllers\Film->simpan()
#9 C:\xampp\htdocs\UAS\system\CodeIgniter.php(419): CodeIgniter\CodeIgniter->runController(Object(App\Controllers\Film))
#10 C:\xampp\htdocs\UAS\system\CodeIgniter.php(326): CodeIgniter\CodeIgniter->handleRequest(NULL, Object(Config\Cache), false)
#11 C:\xampp\htdocs\UAS\public\index.php(37): CodeIgniter\CodeIgniter->run()
#12 C:\xampp\htdocs\UAS\system\Commands\Server\rewrite.php(43): require_once('C:\\xampp\\htdocs...')
#13 {main}
ERROR - 2022-05-18 12:24:43 --> Unknown column 'created_at' in 'field list'
CRITICAL - 2022-05-18 12:24:43 --> Unknown column 'created_at' in 'field list'
#0 C:\xampp\htdocs\UAS\system\Database\MySQLi\Connection.php(292): mysqli->query('INSERT INTO `Da...', 0)
#1 C:\xampp\htdocs\UAS\system\Database\BaseConnection.php(670): CodeIgniter\Database\MySQLi\Connection->execute('INSERT INTO `Da...')
#2 C:\xampp\htdocs\UAS\system\Database\BaseConnection.php(598): CodeIgniter\Database\BaseConnection->simpleQuery('INSERT INTO `Da...')
#3 C:\xampp\htdocs\UAS\system\Database\BaseBuilder.php(1771): CodeIgniter\Database\BaseConnection->query('INSERT INTO `Da...', Array, false)
#4 C:\xampp\htdocs\UAS\system\Model.php(239): CodeIgniter\Database\BaseBuilder->insert()
#5 C:\xampp\htdocs\UAS\system\BaseModel.php(738): CodeIgniter\Model->doInsert(Array)
#6 C:\xampp\htdocs\UAS\system\Model.php(625): CodeIgniter\BaseModel->insert(Array, true)
#7 C:\xampp\htdocs\UAS\app\Controllers\Film.php(30): CodeIgniter\Model->insert(Array)
#8 C:\xampp\htdocs\UAS\system\CodeIgniter.php(832): App\Controllers\Film->simpan()
#9 C:\xampp\htdocs\UAS\system\CodeIgniter.php(419): CodeIgniter\CodeIgniter->runController(Object(App\Controllers\Film))
#10 C:\xampp\htdocs\UAS\system\CodeIgniter.php(326): CodeIgniter\CodeIgniter->handleRequest(NULL, Object(Config\Cache), false)
#11 C:\xampp\htdocs\UAS\public\index.php(37): CodeIgniter\CodeIgniter->run()
#12 C:\xampp\htdocs\UAS\system\Commands\Server\rewrite.php(43): require_once('C:\\xampp\\htdocs...')
#13 {main}
ERROR - 2022-05-18 12:24:44 --> Unknown column 'created_at' in 'field list'
CRITICAL - 2022-05-18 12:24:44 --> Unknown column 'created_at' in 'field list'
#0 C:\xampp\htdocs\UAS\system\Database\MySQLi\Connection.php(292): mysqli->query('INSERT INTO `Da...', 0)
#1 C:\xampp\htdocs\UAS\system\Database\BaseConnection.php(670): CodeIgniter\Database\MySQLi\Connection->execute('INSERT INTO `Da...')
#2 C:\xampp\htdocs\UAS\system\Database\BaseConnection.php(598): CodeIgniter\Database\BaseConnection->simpleQuery('INSERT INTO `Da...')
#3 C:\xampp\htdocs\UAS\system\Database\BaseBuilder.php(1771): CodeIgniter\Database\BaseConnection->query('INSERT INTO `Da...', Array, false)
#4 C:\xampp\htdocs\UAS\system\Model.php(239): CodeIgniter\Database\BaseBuilder->insert()
#5 C:\xampp\htdocs\UAS\system\BaseModel.php(738): CodeIgniter\Model->doInsert(Array)
#6 C:\xampp\htdocs\UAS\system\Model.php(625): CodeIgniter\BaseModel->insert(Array, true)
#7 C:\xampp\htdocs\UAS\app\Controllers\Film.php(30): CodeIgniter\Model->insert(Array)
#8 C:\xampp\htdocs\UAS\system\CodeIgniter.php(832): App\Controllers\Film->simpan()
#9 C:\xampp\htdocs\UAS\system\CodeIgniter.php(419): CodeIgniter\CodeIgniter->runController(Object(App\Controllers\Film))
#10 C:\xampp\htdocs\UAS\system\CodeIgniter.php(326): CodeIgniter\CodeIgniter->handleRequest(NULL, Object(Config\Cache), false)
#11 C:\xampp\htdocs\UAS\public\index.php(37): CodeIgniter\CodeIgniter->run()
#12 C:\xampp\htdocs\UAS\system\Commands\Server\rewrite.php(43): require_once('C:\\xampp\\htdocs...')
#13 {main}
ERROR - 2022-05-18 12:24:45 --> Unknown column 'created_at' in 'field list'
CRITICAL - 2022-05-18 12:24:45 --> Unknown column 'created_at' in 'field list'
#0 C:\xampp\htdocs\UAS\system\Database\MySQLi\Connection.php(292): mysqli->query('INSERT INTO `Da...', 0)
#1 C:\xampp\htdocs\UAS\system\Database\BaseConnection.php(670): CodeIgniter\Database\MySQLi\Connection->execute('INSERT INTO `Da...')
#2 C:\xampp\htdocs\UAS\system\Database\BaseConnection.php(598): CodeIgniter\Database\BaseConnection->simpleQuery('INSERT INTO `Da...')
#3 C:\xampp\htdocs\UAS\system\Database\BaseBuilder.php(1771): CodeIgniter\Database\BaseConnection->query('INSERT INTO `Da...', Array, false)
#4 C:\xampp\htdocs\UAS\system\Model.php(239): CodeIgniter\Database\BaseBuilder->insert()
#5 C:\xampp\htdocs\UAS\system\BaseModel.php(738): CodeIgniter\Model->doInsert(Array)
#6 C:\xampp\htdocs\UAS\system\Model.php(625): CodeIgniter\BaseModel->insert(Array, true)
#7 C:\xampp\htdocs\UAS\app\Controllers\Film.php(30): CodeIgniter\Model->insert(Array)
#8 C:\xampp\htdocs\UAS\system\CodeIgniter.php(832): App\Controllers\Film->simpan()
#9 C:\xampp\htdocs\UAS\system\CodeIgniter.php(419): CodeIgniter\CodeIgniter->runController(Object(App\Controllers\Film))
#10 C:\xampp\htdocs\UAS\system\CodeIgniter.php(326): CodeIgniter\CodeIgniter->handleRequest(NULL, Object(Config\Cache), false)
#11 C:\xampp\htdocs\UAS\public\index.php(37): CodeIgniter\CodeIgniter->run()
#12 C:\xampp\htdocs\UAS\system\Commands\Server\rewrite.php(43): require_once('C:\\xampp\\htdocs...')
#13 {main}
ERROR - 2022-05-18 12:24:45 --> Unknown column 'created_at' in 'field list'
CRITICAL - 2022-05-18 12:24:45 --> Unknown column 'created_at' in 'field list'
#0 C:\xampp\htdocs\UAS\system\Database\MySQLi\Connection.php(292): mysqli->query('INSERT INTO `Da...', 0)
#1 C:\xampp\htdocs\UAS\system\Database\BaseConnection.php(670): CodeIgniter\Database\MySQLi\Connection->execute('INSERT INTO `Da...')
#2 C:\xampp\htdocs\UAS\system\Database\BaseConnection.php(598): CodeIgniter\Database\BaseConnection->simpleQuery('INSERT INTO `Da...')
#3 C:\xampp\htdocs\UAS\system\Database\BaseBuilder.php(1771): CodeIgniter\Database\BaseConnection->query('INSERT INTO `Da...', Array, false)
#4 C:\xampp\htdocs\UAS\system\Model.php(239): CodeIgniter\Database\BaseBuilder->insert()
#5 C:\xampp\htdocs\UAS\system\BaseModel.php(738): CodeIgniter\Model->doInsert(Array)
#6 C:\xampp\htdocs\UAS\system\Model.php(625): CodeIgniter\BaseModel->insert(Array, true)
#7 C:\xampp\htdocs\UAS\app\Controllers\Film.php(30): CodeIgniter\Model->insert(Array)
#8 C:\xampp\htdocs\UAS\system\CodeIgniter.php(832): App\Controllers\Film->simpan()
#9 C:\xampp\htdocs\UAS\system\CodeIgniter.php(419): CodeIgniter\CodeIgniter->runController(Object(App\Controllers\Film))
#10 C:\xampp\htdocs\UAS\system\CodeIgniter.php(326): CodeIgniter\CodeIgniter->handleRequest(NULL, Object(Config\Cache), false)
#11 C:\xampp\htdocs\UAS\public\index.php(37): CodeIgniter\CodeIgniter->run()
#12 C:\xampp\htdocs\UAS\system\Commands\Server\rewrite.php(43): require_once('C:\\xampp\\htdocs...')
#13 {main}
ERROR - 2022-05-18 12:24:45 --> Unknown column 'created_at' in 'field list'
CRITICAL - 2022-05-18 12:24:45 --> Unknown column 'created_at' in 'field list'
#0 C:\xampp\htdocs\UAS\system\Database\MySQLi\Connection.php(292): mysqli->query('INSERT INTO `Da...', 0)
#1 C:\xampp\htdocs\UAS\system\Database\BaseConnection.php(670): CodeIgniter\Database\MySQLi\Connection->execute('INSERT INTO `Da...')
#2 C:\xampp\htdocs\UAS\system\Database\BaseConnection.php(598): CodeIgniter\Database\BaseConnection->simpleQuery('INSERT INTO `Da...')
#3 C:\xampp\htdocs\UAS\system\Database\BaseBuilder.php(1771): CodeIgniter\Database\BaseConnection->query('INSERT INTO `Da...', Array, false)
#4 C:\xampp\htdocs\UAS\system\Model.php(239): CodeIgniter\Database\BaseBuilder->insert()
#5 C:\xampp\htdocs\UAS\system\BaseModel.php(738): CodeIgniter\Model->doInsert(Array)
#6 C:\xampp\htdocs\UAS\system\Model.php(625): CodeIgniter\BaseModel->insert(Array, true)
#7 C:\xampp\htdocs\UAS\app\Controllers\Film.php(30): CodeIgniter\Model->insert(Array)
#8 C:\xampp\htdocs\UAS\system\CodeIgniter.php(832): App\Controllers\Film->simpan()
#9 C:\xampp\htdocs\UAS\system\CodeIgniter.php(419): CodeIgniter\CodeIgniter->runController(Object(App\Controllers\Film))
#10 C:\xampp\htdocs\UAS\system\CodeIgniter.php(326): CodeIgniter\CodeIgniter->handleRequest(NULL, Object(Config\Cache), false)
#11 C:\xampp\htdocs\UAS\public\index.php(37): CodeIgniter\CodeIgniter->run()
#12 C:\xampp\htdocs\UAS\system\Commands\Server\rewrite.php(43): require_once('C:\\xampp\\htdocs...')
#13 {main}
